#
# There is insufficient memory for the Java Runtime Environment to continue.
# Native memory allocation (mmap) failed to map 32505856 bytes for Failed to commit area from 0x0000000089800000 to 0x000000008b700000 of length 32505856.
# Possible reasons:
#   The system is out of physical RAM or swap space
#   The process is running with CompressedOops enabled, and the Java Heap may be blocking the growth of the native heap
# Possible solutions:
#   Reduce memory load on the system
#   Increase physical memory or swap space
#   Check if swap backing store is full
#   Decrease Java heap size (-Xmx/-Xms)
#   Decrease number of Java threads
#   Decrease Java thread stack sizes (-Xss)
#   Set larger code cache with -XX:ReservedCodeCacheSize=
#   JVM is running with Unscaled Compressed Oops mode in which the Java heap is
#     placed in the first 4GB address space. The Java Heap base address is the
#     maximum limit for the native heap growth. Please use -XX:HeapBaseMinAddress
#     to set the Java Heap base and to place the Java Heap above 4GB virtual address.
# This output file may be truncated or incomplete.
#
#  Out of Memory Error (./src/hotspot/os/windows/os_windows.cpp:3521), pid=1520, tid=11524
#
# JRE version: OpenJDK Runtime Environment (11.0.12+7) (build 11.0.12+7-b1504.28-7817840)
# Java VM: OpenJDK 64-Bit Server VM (11.0.12+7-b1504.28-7817840, mixed mode, tiered, compressed oops, g1 gc, windows-amd64)
# No core dump will be written. Minidumps are not enabled by default on client versions of Windows
#

---------------  S U M M A R Y ------------

Command Line: --add-opens=java.base/java.util=ALL-UNNAMED --add-opens=java.base/java.lang=ALL-UNNAMED --add-opens=java.base/java.lang.invoke=ALL-UNNAMED --add-opens=java.base/java.util=ALL-UNNAMED --add-opens=java.prefs/java.util.prefs=ALL-UNNAMED --add-opens=java.prefs/java.util.prefs=ALL-UNNAMED --add-opens=java.base/java.nio.charset=ALL-UNNAMED --add-opens=java.base/java.net=ALL-UNNAMED --add-opens=java.base/java.util.concurrent.atomic=ALL-UNNAMED -Xmx2048m -Dfile.encoding=UTF-8 -Duser.country=US -Duser.language=en -Duser.variant org.gradle.launcher.daemon.bootstrap.GradleDaemon 7.3.3

Host: Intel(R) Core(TM) i5-9300H CPU @ 2.40GHz, 8 cores, 7G,  Windows 10 , 64 bit Build 19041 (10.0.19041.1889)
Time: Tue Sep 13 10:18:43 2022 Pakistan Standard Time elapsed time: 45.329911 seconds (0d 0h 0m 45s)

---------------  T H R E A D  ---------------

Current thread (0x000002912a98e800):  VMThread "VM Thread" [stack: 0x000000ab08300000,0x000000ab08400000] [id=11524]

Stack: [0x000000ab08300000,0x000000ab08400000]
[error occurred during error reporting (printing stack bounds), id 0xc0000005, EXCEPTION_ACCESS_VIOLATION (0xc0000005) at pc=0x000002911402112d]

Native frames: (J=compiled Java code, j=interpreted, Vv=VM code, C=native code)
V  [jvm.dll+0x5fbcea]
V  [jvm.dll+0x731905]
V  [jvm.dll+0x732f1d]
V  [jvm.dll+0x733535]
V  [jvm.dll+0x7334eb]
V  [jvm.dll+0x5fb080]
V  [jvm.dll+0x5fb818]
C  [ntdll.dll+0xa229f]
C  [ntdll.dll+0x51454]
C  [ntdll.dll+0xa0dce]
C  0x000002911402112d

VM_Operation (0x000000ab113fc7a0): G1CollectForAllocation, mode: safepoint, requested by thread 0x000002912fd67800


---------------  P R O C E S S  ---------------

Threads class SMR info:
_java_thread_list=0x00000291303a8990, length=158, elements={
0x000002911050b000, 0x000002912a992000, 0x000002912a99d800, 0x000002912a9ac800,
0x000002912a9ad000, 0x000002912a9af000, 0x000002912a9ba800, 0x000002912a9be800,
0x000002912a9c2000, 0x000002912b474800, 0x000002912daba800, 0x000002912b730800,
0x000002912c865800, 0x000002912e34f800, 0x000002912d782800, 0x000002912c90e000,
0x000002912c90f000, 0x000002912de6c800, 0x000002912e4db000, 0x000002912d158800,
0x000002912d159800, 0x000002912d15a800, 0x000002912d15b000, 0x000002912d15c000,
0x000002912d15c800, 0x000002912d158000, 0x000002912d15d800, 0x000002912d15e800,
0x000002912e5c8000, 0x000002912e5c6800, 0x000002912e5c7800, 0x000002912e5ca000,
0x000002912e5c4000, 0x000002912e5ca800, 0x000002912e5cb800, 0x000002912e5c5800,
0x000002912e5d0800, 0x000002912e5cf800, 0x000002912e5d1000, 0x000002912e5d2000,
0x000002912e5cc800, 0x000002912e5d3000, 0x000002912e5ce800, 0x000002912e5ce000,
0x000002912e5cd000, 0x000002912fcb7000, 0x000002912fcb1000, 0x000002912fcb3000,
0x000002912fcb6000, 0x000002912fcb7800, 0x000002912fcb5800, 0x000002912fcb3800,
0x000002912fcb4800, 0x000002912fcb2000, 0x000002912fcba000, 0x000002912fcbd800,
0x000002912fcb8800, 0x000002912fcbb000, 0x000002912fcbc000, 0x000002912fcbe800,
0x000002912fcbc800, 0x000002912fcbf000, 0x000002912fcb9800, 0x000002912fcc0000,
0x0000029131afe000, 0x0000029131afa800, 0x0000029131afb800, 0x0000029131af8000,
0x0000029131afe800, 0x0000029131af9800, 0x0000029131afc000, 0x0000029131afd000,
0x0000029131af9000, 0x0000029131aff800, 0x0000029131b04800, 0x0000029131b05000,
0x0000029131b06000, 0x0000029131b01000, 0x0000029131b02800, 0x0000029131b00000,
0x0000029131b06800, 0x0000029131b03800, 0x0000029131b02000, 0x000002912fd50000,
0x000002912fd4f000, 0x000002912fd51000, 0x000002912fd53000, 0x000002912fd4e800,
0x000002912fd54000, 0x000002912fd51800, 0x000002912fd57800, 0x000002912fd55800,
0x000002912fd58000, 0x000002912fd55000, 0x000002912fd56800, 0x000002912fd52800,
0x000002912fd5c000, 0x000002912fd59000, 0x000002912fd5a000, 0x000002912fd5a800,
0x000002912fd5b800, 0x000002912fd5d000, 0x000002912c61e000, 0x000002912c61b800,
0x000002912c61f000, 0x000002912c61d800, 0x000002912c619000, 0x000002912c61c800,
0x000002912c61f800, 0x000002912c61a000, 0x000002912c620800, 0x000002912c61b000,
0x000002912c623000, 0x000002912c627000, 0x000002912c621800, 0x000002912c622000,
0x000002912c626800, 0x000002912c625800, 0x000002912c624000, 0x000002912c624800,
0x000002912c628000, 0x000002912fd61000, 0x000002912fd5e800, 0x000002912fd65000,
0x000002912fd63000, 0x000002912fd61800, 0x000002912fd5f000, 0x000002912fd65800,
0x000002912fd60000, 0x000002912fd6c000, 0x000002912fd66800, 0x000002912fd6d000,
0x000002912fd67800, 0x000002912fd68000, 0x000002912fd6a800, 0x000002912fd6b800,
0x0000029131ce0000, 0x0000029131cda800, 0x0000029131cdd000, 0x0000029131cdf800,
0x0000029131cdb000, 0x0000029131ce1000, 0x0000029131ce2000, 0x0000029131cdc000,
0x0000029131ce8800, 0x0000029131ce6000, 0x0000029131ce2800, 0x0000029131ce4000,
0x0000029131ce5000, 0x0000029131ce6800, 0x0000029131ce7800, 0x0000029131ce3800,
0x0000029131cdd800, 0x0000029131ce9000, 0x000002912fd69000, 0x000002912fd6a000,
0x000002912c233800, 0x000002912c232800
}

Java Threads: ( => current thread )
  0x000002911050b000 JavaThread "main" [_thread_blocked, id=14276, stack(0x000000ab07d00000,0x000000ab07e00000)]
  0x000002912a992000 JavaThread "Reference Handler" daemon [_thread_blocked, id=4420, stack(0x000000ab08400000,0x000000ab08500000)]
  0x000002912a99d800 JavaThread "Finalizer" daemon [_thread_blocked, id=3280, stack(0x000000ab08500000,0x000000ab08600000)]
  0x000002912a9ac800 JavaThread "Signal Dispatcher" daemon [_thread_blocked, id=7368, stack(0x000000ab08600000,0x000000ab08700000)]
  0x000002912a9ad000 JavaThread "Attach Listener" daemon [_thread_blocked, id=14236, stack(0x000000ab08700000,0x000000ab08800000)]
  0x000002912a9af000 JavaThread "Service Thread" daemon [_thread_blocked, id=9116, stack(0x000000ab08800000,0x000000ab08900000)]
  0x000002912a9ba800 JavaThread "C2 CompilerThread0" daemon [_thread_blocked, id=2736, stack(0x000000ab08900000,0x000000ab08a00000)]
  0x000002912a9be800 JavaThread "C1 CompilerThread0" daemon [_thread_blocked, id=10036, stack(0x000000ab08a00000,0x000000ab08b00000)]
  0x000002912a9c2000 JavaThread "Sweeper thread" daemon [_thread_blocked, id=19784, stack(0x000000ab08b00000,0x000000ab08c00000)]
  0x000002912b474800 JavaThread "Common-Cleaner" daemon [_thread_blocked, id=12464, stack(0x000000ab08c00000,0x000000ab08d00000)]
  0x000002912daba800 JavaThread "Daemon health stats" [_thread_blocked, id=17696, stack(0x000000ab09200000,0x000000ab09300000)]
  0x000002912b730800 JavaThread "Incoming local TCP Connector on port 60015" [_thread_in_native, id=10456, stack(0x000000ab08e00000,0x000000ab08f00000)]
  0x000002912c865800 JavaThread "Daemon periodic checks" [_thread_blocked, id=7908, stack(0x000000ab09100000,0x000000ab09200000)]
  0x000002912e34f800 JavaThread "Daemon" [_thread_blocked, id=14976, stack(0x000000ab09300000,0x000000ab09400000)]
  0x000002912d782800 JavaThread "Handler for socket connection from /127.0.0.1:60015 to /127.0.0.1:60016" [_thread_in_native, id=21608, stack(0x000000ab09400000,0x000000ab09500000)]
  0x000002912c90e000 JavaThread "Cancel handler" [_thread_blocked, id=17816, stack(0x000000ab09500000,0x000000ab09600000)]
  0x000002912c90f000 JavaThread "Daemon worker" [_thread_blocked, id=17808, stack(0x000000ab09600000,0x000000ab09700000)]
  0x000002912de6c800 JavaThread "Asynchronous log dispatcher for DefaultDaemonConnection: socket connection from /127.0.0.1:60015 to /127.0.0.1:60016" [_thread_blocked, id=1360, stack(0x000000ab09700000,0x000000ab09800000)]
  0x000002912e4db000 JavaThread "Stdin handler" [_thread_blocked, id=7292, stack(0x000000ab09800000,0x000000ab09900000)]
  0x000002912d158800 JavaThread "Daemon client event forwarder" [_thread_blocked, id=21816, stack(0x000000ab09900000,0x000000ab09a00000)]
  0x000002912d159800 JavaThread "Cache worker for journal cache (C:\Users\hassa\.gradle\caches\journal-1)" [_thread_blocked, id=18100, stack(0x000000ab0a000000,0x000000ab0a100000)]
  0x000002912d15a800 JavaThread "File lock request listener" [_thread_in_native, id=18260, stack(0x000000ab0a100000,0x000000ab0a200000)]
  0x000002912d15b000 JavaThread "Cache worker for file hash cache (C:\Users\hassa\.gradle\caches\7.3.3\fileHashes)" [_thread_blocked, id=8720, stack(0x000000ab0a200000,0x000000ab0a300000)]
  0x000002912d15c000 JavaThread "Cache worker for file hash cache (C:\Users\hassa\AndroidStudioProjects\Leacture Examples\ShoppingBoss\.gradle\7.3.3\fileHashes)" [_thread_blocked, id=6032, stack(0x000000ab0a500000,0x000000ab0a600000)]
  0x000002912d15c800 JavaThread "File watcher server" daemon [_thread_blocked, id=19768, stack(0x000000ab0a600000,0x000000ab0a700000)]
  0x000002912d158000 JavaThread "File watcher consumer" daemon [_thread_blocked, id=8448, stack(0x000000ab0a700000,0x000000ab0a800000)]
  0x000002912d15d800 JavaThread "Cache worker for checksums cache (C:\Users\hassa\AndroidStudioProjects\Leacture Examples\ShoppingBoss\.gradle\7.3.3\checksums)" [_thread_blocked, id=14940, stack(0x000000ab0a800000,0x000000ab0a900000)]
  0x000002912d15e800 JavaThread "Cache worker for cache directory md-supplier (C:\Users\hassa\.gradle\caches\7.3.3\md-supplier)" [_thread_blocked, id=11840, stack(0x000000ab0aa00000,0x000000ab0ab00000)]
  0x000002912e5c8000 JavaThread "Cache worker for cache directory md-rule (C:\Users\hassa\.gradle\caches\7.3.3\md-rule)" [_thread_blocked, id=4636, stack(0x000000ab0ab00000,0x000000ab0ac00000)]
  0x000002912e5c6800 JavaThread "Cache worker for execution history cache (C:\Users\hassa\.gradle\caches\7.3.3\executionHistory)" [_thread_blocked, id=13044, stack(0x000000ab0ac00000,0x000000ab0ad00000)]
  0x000002912e5c7800 JavaThread "jar transforms" [_thread_blocked, id=11228, stack(0x000000ab0ad00000,0x000000ab0ae00000)]
  0x000002912e5ca000 JavaThread "Cache worker for file content cache (C:\Users\hassa\.gradle\caches\7.3.3\fileContent)" [_thread_blocked, id=1220, stack(0x000000ab0ae00000,0x000000ab0af00000)]
  0x000002912e5c4000 JavaThread "jar transforms Thread 2" [_thread_blocked, id=15096, stack(0x000000ab0af00000,0x000000ab0b000000)]
  0x000002912e5ca800 JavaThread "Cache worker for dependencies-accessors (C:\Users\hassa\AndroidStudioProjects\Leacture Examples\ShoppingBoss\.gradle\7.3.3\dependencies-accessors)" [_thread_blocked, id=21260, stack(0x000000ab0b000000,0x000000ab0b100000)]
  0x000002912e5cb800 JavaThread "jar transforms Thread 3" [_thread_blocked, id=21836, stack(0x000000ab0b100000,0x000000ab0b200000)]
  0x000002912e5c5800 JavaThread "Cache worker for Build Output Cleanup Cache (C:\Users\hassa\AndroidStudioProjects\Leacture Examples\ShoppingBoss\.gradle\buildOutputCleanup)" [_thread_blocked, id=13932, stack(0x000000ab0b200000,0x000000ab0b300000)]
  0x000002912e5d0800 JavaThread "Unconstrained build operations" [_thread_blocked, id=12432, stack(0x000000ab0b300000,0x000000ab0b400000)]
  0x000002912e5cf800 JavaThread "Unconstrained build operations Thread 2" [_thread_blocked, id=15408, stack(0x000000ab0b400000,0x000000ab0b500000)]
  0x000002912e5d1000 JavaThread "Unconstrained build operations Thread 3" [_thread_blocked, id=21352, stack(0x000000ab0b500000,0x000000ab0b600000)]
  0x000002912e5d2000 JavaThread "Unconstrained build operations Thread 4" [_thread_blocked, id=8472, stack(0x000000ab0b600000,0x000000ab0b700000)]
  0x000002912e5cc800 JavaThread "Unconstrained build operations Thread 5" [_thread_blocked, id=20776, stack(0x000000ab0b700000,0x000000ab0b800000)]
  0x000002912e5d3000 JavaThread "Unconstrained build operations Thread 6" [_thread_blocked, id=13372, stack(0x000000ab0b800000,0x000000ab0b900000)]
  0x000002912e5ce800 JavaThread "Unconstrained build operations Thread 7" [_thread_blocked, id=15980, stack(0x000000ab0b900000,0x000000ab0ba00000)]
  0x000002912e5ce000 JavaThread "Unconstrained build operations Thread 8" [_thread_blocked, id=19128, stack(0x000000ab0ba00000,0x000000ab0bb00000)]
  0x000002912e5cd000 JavaThread "Unconstrained build operations Thread 9" [_thread_blocked, id=21068, stack(0x000000ab0bb00000,0x000000ab0bc00000)]
  0x000002912fcb7000 JavaThread "Unconstrained build operations Thread 10" [_thread_blocked, id=14864, stack(0x000000ab0bc00000,0x000000ab0bd00000)]
  0x000002912fcb1000 JavaThread "Unconstrained build operations Thread 11" [_thread_blocked, id=15300, stack(0x000000ab0bd00000,0x000000ab0be00000)]
  0x000002912fcb3000 JavaThread "Unconstrained build operations Thread 12" [_thread_blocked, id=6100, stack(0x000000ab0be00000,0x000000ab0bf00000)]
  0x000002912fcb6000 JavaThread "Unconstrained build operations Thread 13" [_thread_blocked, id=16904, stack(0x000000ab0bf00000,0x000000ab0c000000)]
  0x000002912fcb7800 JavaThread "Unconstrained build operations Thread 14" [_thread_blocked, id=15540, stack(0x000000ab0c000000,0x000000ab0c100000)]
  0x000002912fcb5800 JavaThread "Unconstrained build operations Thread 15" [_thread_blocked, id=8640, stack(0x000000ab0c100000,0x000000ab0c200000)]
  0x000002912fcb3800 JavaThread "Unconstrained build operations Thread 16" [_thread_blocked, id=18508, stack(0x000000ab0c200000,0x000000ab0c300000)]
  0x000002912fcb4800 JavaThread "Unconstrained build operations Thread 17" [_thread_blocked, id=14836, stack(0x000000ab0c300000,0x000000ab0c400000)]
  0x000002912fcb2000 JavaThread "Unconstrained build operations Thread 18" [_thread_blocked, id=11344, stack(0x000000ab0c400000,0x000000ab0c500000)]
  0x000002912fcba000 JavaThread "Unconstrained build operations Thread 19" [_thread_blocked, id=13788, stack(0x000000ab0c500000,0x000000ab0c600000)]
  0x000002912fcbd800 JavaThread "Unconstrained build operations Thread 20" [_thread_blocked, id=13360, stack(0x000000ab0c600000,0x000000ab0c700000)]
  0x000002912fcb8800 JavaThread "Unconstrained build operations Thread 21" [_thread_blocked, id=17328, stack(0x000000ab0c700000,0x000000ab0c800000)]
  0x000002912fcbb000 JavaThread "Unconstrained build operations Thread 22" [_thread_blocked, id=5040, stack(0x000000ab0c800000,0x000000ab0c900000)]
  0x000002912fcbc000 JavaThread "Unconstrained build operations Thread 23" [_thread_blocked, id=2832, stack(0x000000ab0c900000,0x000000ab0ca00000)]
  0x000002912fcbe800 JavaThread "Unconstrained build operations Thread 24" [_thread_blocked, id=17592, stack(0x000000ab0ca00000,0x000000ab0cb00000)]
  0x000002912fcbc800 JavaThread "Unconstrained build operations Thread 25" [_thread_blocked, id=14084, stack(0x000000ab0cb00000,0x000000ab0cc00000)]
  0x000002912fcbf000 JavaThread "Unconstrained build operations Thread 26" [_thread_blocked, id=12296, stack(0x000000ab0cc00000,0x000000ab0cd00000)]
  0x000002912fcb9800 JavaThread "Unconstrained build operations Thread 27" [_thread_blocked, id=6760, stack(0x000000ab0cd00000,0x000000ab0ce00000)]
  0x000002912fcc0000 JavaThread "Unconstrained build operations Thread 28" [_thread_blocked, id=19824, stack(0x000000ab0ce00000,0x000000ab0cf00000)]
  0x0000029131afe000 JavaThread "Unconstrained build operations Thread 29" [_thread_blocked, id=21800, stack(0x000000ab0cf00000,0x000000ab0d000000)]
  0x0000029131afa800 JavaThread "Unconstrained build operations Thread 30" [_thread_blocked, id=13700, stack(0x000000ab0d000000,0x000000ab0d100000)]
  0x0000029131afb800 JavaThread "Unconstrained build operations Thread 31" [_thread_blocked, id=20968, stack(0x000000ab0d100000,0x000000ab0d200000)]
  0x0000029131af8000 JavaThread "Unconstrained build operations Thread 32" [_thread_blocked, id=2448, stack(0x000000ab0d200000,0x000000ab0d300000)]
  0x0000029131afe800 JavaThread "Unconstrained build operations Thread 33" [_thread_blocked, id=5108, stack(0x000000ab0d300000,0x000000ab0d400000)]
  0x0000029131af9800 JavaThread "Unconstrained build operations Thread 34" [_thread_blocked, id=12336, stack(0x000000ab0d400000,0x000000ab0d500000)]
  0x0000029131afc000 JavaThread "Unconstrained build operations Thread 35" [_thread_blocked, id=8092, stack(0x000000ab0d500000,0x000000ab0d600000)]
  0x0000029131afd000 JavaThread "Unconstrained build operations Thread 36" [_thread_blocked, id=2424, stack(0x000000ab0d600000,0x000000ab0d700000)]
  0x0000029131af9000 JavaThread "Unconstrained build operations Thread 37" [_thread_blocked, id=18196, stack(0x000000ab0d700000,0x000000ab0d800000)]
  0x0000029131aff800 JavaThread "Unconstrained build operations Thread 38" [_thread_blocked, id=18324, stack(0x000000ab0d800000,0x000000ab0d900000)]
  0x0000029131b04800 JavaThread "Unconstrained build operations Thread 39" [_thread_blocked, id=17820, stack(0x000000ab0d900000,0x000000ab0da00000)]
  0x0000029131b05000 JavaThread "Unconstrained build operations Thread 40" [_thread_blocked, id=14928, stack(0x000000ab0da00000,0x000000ab0db00000)]
  0x0000029131b06000 JavaThread "Unconstrained build operations Thread 41" [_thread_blocked, id=18832, stack(0x000000ab0db00000,0x000000ab0dc00000)]
  0x0000029131b01000 JavaThread "Unconstrained build operations Thread 42" [_thread_blocked, id=22208, stack(0x000000ab0dc00000,0x000000ab0dd00000)]
  0x0000029131b02800 JavaThread "Unconstrained build operations Thread 43" [_thread_blocked, id=20652, stack(0x000000ab0dd00000,0x000000ab0de00000)]
  0x0000029131b00000 JavaThread "Unconstrained build operations Thread 44" [_thread_blocked, id=10284, stack(0x000000ab0de00000,0x000000ab0df00000)]
  0x0000029131b06800 JavaThread "Unconstrained build operations Thread 45" [_thread_blocked, id=9848, stack(0x000000ab0df00000,0x000000ab0e000000)]
  0x0000029131b03800 JavaThread "Unconstrained build operations Thread 46" [_thread_blocked, id=10356, stack(0x000000ab0e000000,0x000000ab0e100000)]
  0x0000029131b02000 JavaThread "Unconstrained build operations Thread 47" [_thread_blocked, id=9052, stack(0x000000ab0e100000,0x000000ab0e200000)]
  0x000002912fd50000 JavaThread "Unconstrained build operations Thread 48" [_thread_blocked, id=21920, stack(0x000000ab0e200000,0x000000ab0e300000)]
  0x000002912fd4f000 JavaThread "Unconstrained build operations Thread 49" [_thread_blocked, id=4872, stack(0x000000ab0e300000,0x000000ab0e400000)]
  0x000002912fd51000 JavaThread "Unconstrained build operations Thread 50" [_thread_blocked, id=22348, stack(0x000000ab0e400000,0x000000ab0e500000)]
  0x000002912fd53000 JavaThread "Unconstrained build operations Thread 51" [_thread_blocked, id=18640, stack(0x000000ab0e500000,0x000000ab0e600000)]
  0x000002912fd4e800 JavaThread "Unconstrained build operations Thread 52" [_thread_blocked, id=2872, stack(0x000000ab0e600000,0x000000ab0e700000)]
  0x000002912fd54000 JavaThread "Unconstrained build operations Thread 53" [_thread_blocked, id=18328, stack(0x000000ab0e700000,0x000000ab0e800000)]
  0x000002912fd51800 JavaThread "Unconstrained build operations Thread 54" [_thread_blocked, id=1464, stack(0x000000ab0e800000,0x000000ab0e900000)]
  0x000002912fd57800 JavaThread "Unconstrained build operations Thread 55" [_thread_blocked, id=22276, stack(0x000000ab0e900000,0x000000ab0ea00000)]
  0x000002912fd55800 JavaThread "Unconstrained build operations Thread 56" [_thread_blocked, id=20716, stack(0x000000ab0ea00000,0x000000ab0eb00000)]
  0x000002912fd58000 JavaThread "Unconstrained build operations Thread 57" [_thread_blocked, id=5712, stack(0x000000ab0eb00000,0x000000ab0ec00000)]
  0x000002912fd55000 JavaThread "Unconstrained build operations Thread 58" [_thread_blocked, id=18744, stack(0x000000ab0ec00000,0x000000ab0ed00000)]
  0x000002912fd56800 JavaThread "Unconstrained build operations Thread 59" [_thread_blocked, id=22052, stack(0x000000ab0ed00000,0x000000ab0ee00000)]
  0x000002912fd52800 JavaThread "Unconstrained build operations Thread 60" [_thread_blocked, id=9156, stack(0x000000ab0ee00000,0x000000ab0ef00000)]
  0x000002912fd5c000 JavaThread "Unconstrained build operations Thread 61" [_thread_blocked, id=15868, stack(0x000000ab0ef00000,0x000000ab0f000000)]
  0x000002912fd59000 JavaThread "Unconstrained build operations Thread 62" [_thread_blocked, id=10428, stack(0x000000ab0f000000,0x000000ab0f100000)]
  0x000002912fd5a000 JavaThread "Unconstrained build operations Thread 63" [_thread_blocked, id=18984, stack(0x000000ab0f100000,0x000000ab0f200000)]
  0x000002912fd5a800 JavaThread "Unconstrained build operations Thread 64" [_thread_blocked, id=6096, stack(0x000000ab0f200000,0x000000ab0f300000)]
  0x000002912fd5b800 JavaThread "Unconstrained build operations Thread 65" [_thread_blocked, id=16824, stack(0x000000ab0f300000,0x000000ab0f400000)]
  0x000002912fd5d000 JavaThread "Unconstrained build operations Thread 66" [_thread_blocked, id=20728, stack(0x000000ab0f400000,0x000000ab0f500000)]
  0x000002912c61e000 JavaThread "Unconstrained build operations Thread 67" [_thread_blocked, id=16956, stack(0x000000ab0f500000,0x000000ab0f600000)]
  0x000002912c61b800 JavaThread "Unconstrained build operations Thread 68" [_thread_blocked, id=10924, stack(0x000000ab0f600000,0x000000ab0f700000)]
  0x000002912c61f000 JavaThread "Unconstrained build operations Thread 69" [_thread_blocked, id=10680, stack(0x000000ab0f700000,0x000000ab0f800000)]
  0x000002912c61d800 JavaThread "Unconstrained build operations Thread 70" [_thread_blocked, id=10760, stack(0x000000ab0f800000,0x000000ab0f900000)]
  0x000002912c619000 JavaThread "Unconstrained build operations Thread 71" [_thread_blocked, id=7304, stack(0x000000ab0f900000,0x000000ab0fa00000)]
  0x000002912c61c800 JavaThread "Unconstrained build operations Thread 72" [_thread_blocked, id=14668, stack(0x000000ab0fa00000,0x000000ab0fb00000)]
  0x000002912c61f800 JavaThread "Unconstrained build operations Thread 73" [_thread_blocked, id=9696, stack(0x000000ab0fb00000,0x000000ab0fc00000)]
  0x000002912c61a000 JavaThread "Unconstrained build operations Thread 74" [_thread_blocked, id=16484, stack(0x000000ab0fc00000,0x000000ab0fd00000)]
  0x000002912c620800 JavaThread "Unconstrained build operations Thread 75" [_thread_blocked, id=4488, stack(0x000000ab0fd00000,0x000000ab0fe00000)]
  0x000002912c61b000 JavaThread "Unconstrained build operations Thread 76" [_thread_blocked, id=21292, stack(0x000000ab0fe00000,0x000000ab0ff00000)]
  0x000002912c623000 JavaThread "Unconstrained build operations Thread 77" [_thread_blocked, id=15704, stack(0x000000ab0ff00000,0x000000ab10000000)]
  0x000002912c627000 JavaThread "Unconstrained build operations Thread 78" [_thread_blocked, id=16412, stack(0x000000ab10000000,0x000000ab10100000)]
  0x000002912c621800 JavaThread "Unconstrained build operations Thread 79" [_thread_blocked, id=15672, stack(0x000000ab10100000,0x000000ab10200000)]
  0x000002912c622000 JavaThread "Unconstrained build operations Thread 80" [_thread_blocked, id=13684, stack(0x000000ab10200000,0x000000ab10300000)]
  0x000002912c626800 JavaThread "jar transforms Thread 4" [_thread_blocked, id=13624, stack(0x000000ab10300000,0x000000ab10400000)]
  0x000002912c625800 JavaThread "jar transforms Thread 5" [_thread_blocked, id=20008, stack(0x000000ab10400000,0x000000ab10500000)]
  0x000002912c624000 JavaThread "jar transforms Thread 6" [_thread_blocked, id=11944, stack(0x000000ab10500000,0x000000ab10600000)]
  0x000002912c624800 JavaThread "jar transforms Thread 7" [_thread_blocked, id=19316, stack(0x000000ab10600000,0x000000ab10700000)]
  0x000002912c628000 JavaThread "jar transforms Thread 8" [_thread_blocked, id=19020, stack(0x000000ab10700000,0x000000ab10800000)]
  0x000002912fd61000 JavaThread "Memory manager" [_thread_blocked, id=13260, stack(0x000000ab0a900000,0x000000ab0aa00000)]
  0x000002912fd5e800 JavaThread "build event listener" [_thread_blocked, id=2184, stack(0x000000ab10800000,0x000000ab10900000)]
  0x000002912fd65000 JavaThread "build event listener" [_thread_blocked, id=13536, stack(0x000000ab10900000,0x000000ab10a00000)]
  0x000002912fd63000 JavaThread "Execution worker for ':'" [_thread_blocked, id=12948, stack(0x000000ab10a00000,0x000000ab10b00000)]
  0x000002912fd61800 JavaThread "Execution worker for ':' Thread 2" [_thread_blocked, id=10012, stack(0x000000ab10b00000,0x000000ab10c00000)]
  0x000002912fd5f000 JavaThread "Execution worker for ':' Thread 3" [_thread_blocked, id=12912, stack(0x000000ab10c00000,0x000000ab10d00000)]
  0x000002912fd65800 JavaThread "Execution worker for ':' Thread 4" [_thread_blocked, id=14484, stack(0x000000ab10d00000,0x000000ab10e00000)]
  0x000002912fd60000 JavaThread "Execution worker for ':' Thread 5" [_thread_blocked, id=12852, stack(0x000000ab10e00000,0x000000ab10f00000)]
  0x000002912fd6c000 JavaThread "Execution worker for ':' Thread 6" [_thread_blocked, id=4620, stack(0x000000ab10f00000,0x000000ab11000000)]
  0x000002912fd66800 JavaThread "Execution worker for ':' Thread 7" [_thread_blocked, id=14420, stack(0x000000ab11000000,0x000000ab11100000)]
  0x000002912fd6d000 JavaThread "Cache worker for execution history cache (C:\Users\hassa\AndroidStudioProjects\Leacture Examples\ShoppingBoss\.gradle\7.3.3\executionHistory)" [_thread_blocked, id=5848, stack(0x000000ab11100000,0x000000ab11200000)]
  0x000002912fd67800 JavaThread "WorkerExecutor Queue" [_thread_blocked, id=18180, stack(0x000000ab11300000,0x000000ab11400000)]
  0x000002912fd68000 JavaThread "WorkerExecutor Queue Thread 4" [_thread_blocked, id=1352, stack(0x000000ab11600000,0x000000ab11700000)]
  0x000002912fd6a800 JavaThread "pool-3-thread-1" [_thread_blocked, id=5104, stack(0x000000ab11700000,0x000000ab11800000)]
  0x000002912fd6b800 JavaThread "stderr" [_thread_in_native, id=20248, stack(0x000000ab11800000,0x000000ab11900000)]
  0x0000029131ce0000 JavaThread "stdout" [_thread_in_native, id=11044, stack(0x000000ab11900000,0x000000ab11a00000)]
  0x0000029131cda800 JavaThread "RMI Scheduler(0)" daemon [_thread_blocked, id=17460, stack(0x000000ab0a400000,0x000000ab0a500000)]
  0x0000029131cdd000 JavaThread "RMI GC Daemon" daemon [_thread_blocked, id=7316, stack(0x000000ab11500000,0x000000ab11600000)]
  0x0000029131cdf800 JavaThread "RMI TCP Accept-0" daemon [_thread_in_native, id=15600, stack(0x000000ab11a00000,0x000000ab11b00000)]
  0x0000029131cdb000 JavaThread "RMI Reaper" [_thread_blocked, id=14380, stack(0x000000ab11b00000,0x000000ab11c00000)]
  0x0000029131ce1000 JavaThread "RMI TCP Connection(1)-127.0.0.1" daemon [_thread_in_native, id=3588, stack(0x000000ab11c00000,0x000000ab11d00000)]
  0x0000029131ce2000 JavaThread "Cache worker for Java compile cache (C:\Users\hassa\.gradle\caches\7.3.3\javaCompile)" [_thread_blocked, id=12204, stack(0x000000ab11f00000,0x000000ab12000000)]
  0x0000029131cdc000 JavaThread "Build operations" [_thread_blocked, id=12344, stack(0x000000ab12000000,0x000000ab12100000)]
  0x0000029131ce8800 JavaThread "Build operations Thread 2" [_thread_blocked, id=11852, stack(0x000000ab12100000,0x000000ab12200000)]
  0x0000029131ce6000 JavaThread "Build operations Thread 3" [_thread_blocked, id=15860, stack(0x000000ab12200000,0x000000ab12300000)]
  0x0000029131ce2800 JavaThread "Build operations Thread 4" [_thread_blocked, id=19188, stack(0x000000ab12300000,0x000000ab12400000)]
  0x0000029131ce4000 JavaThread "Build operations Thread 5" [_thread_blocked, id=11624, stack(0x000000ab12400000,0x000000ab12500000)]
  0x0000029131ce5000 JavaThread "Build operations Thread 6" [_thread_blocked, id=13944, stack(0x000000ab12500000,0x000000ab12600000)]
  0x0000029131ce6800 JavaThread "Build operations Thread 7" [_thread_blocked, id=14860, stack(0x000000ab12600000,0x000000ab12700000)]
  0x0000029131ce7800 JavaThread "Build operations Thread 8" [_thread_blocked, id=6996, stack(0x000000ab12700000,0x000000ab12800000)]
  0x0000029131ce3800 JavaThread "WorkerExecutor Queue Thread 5" [_thread_blocked, id=18040, stack(0x000000ab11400000,0x000000ab11500000)]
  0x0000029131cdd800 JavaThread "WorkerExecutor Queue Thread 6" [_thread_blocked, id=7456, stack(0x000000ab12800000,0x000000ab12900000)]
  0x0000029131ce9000 JavaThread "WorkerExecutor Queue Thread 7" [_thread_blocked, id=22444, stack(0x000000ab12900000,0x000000ab12a00000)]
  0x000002912fd69000 JavaThread "WorkerExecutor Queue Thread 8" [_thread_blocked, id=11764, stack(0x000000ab12a00000,0x000000ab12b00000)]
  0x000002912fd6a000 JavaThread "WorkerExecutor Queue Thread 9" [_thread_blocked, id=22308, stack(0x000000ab12b00000,0x000000ab12c00000)]
  0x000002912c233800 JavaThread "WorkerExecutor Queue Thread 10" [_thread_blocked, id=13080, stack(0x000000ab12c00000,0x000000ab12d00000)]
  0x000002912c232800 JavaThread "WorkerExecutor Queue Thread 11" [_thread_blocked, id=4924, stack(0x000000ab12d00000,0x000000ab12e00000)]

Other Threads:
=>0x000002912a98e800 VMThread "VM Thread" [stack: 0x000000ab08300000,0x000000ab08400000] [id=11524]
  0x000002912b4e8000 WatcherThread [stack: 0x000000ab08d00000,0x000000ab08e00000] [id=15084]
  0x0000029110527000 GCTaskThread "GC Thread#0" [stack: 0x000000ab07e00000,0x000000ab07f00000] [id=22440]
  0x000002912be0a800 GCTaskThread "GC Thread#1" [stack: 0x000000ab08f00000,0x000000ab09000000] [id=15260]
  0x000002912c1f2000 GCTaskThread "GC Thread#2" [stack: 0x000000ab09000000,0x000000ab09100000] [id=10128]
  0x000002912dcec000 GCTaskThread "GC Thread#3" [stack: 0x000000ab09a00000,0x000000ab09b00000] [id=4216]
  0x000002912ce9d000 GCTaskThread "GC Thread#4" [stack: 0x000000ab09b00000,0x000000ab09c00000] [id=7880]
  0x000002912e023800 GCTaskThread "GC Thread#5" [stack: 0x000000ab09c00000,0x000000ab09d00000] [id=17688]
  0x000002912d0ba000 GCTaskThread "GC Thread#6" [stack: 0x000000ab09d00000,0x000000ab09e00000] [id=15784]
  0x000002912e322800 GCTaskThread "GC Thread#7" [stack: 0x000000ab09e00000,0x000000ab09f00000] [id=16300]
  0x0000029110559800 ConcurrentGCThread "G1 Main Marker" [stack: 0x000000ab07f00000,0x000000ab08000000] [id=1196]
  0x000002911055a800 ConcurrentGCThread "G1 Conc#0" [stack: 0x000000ab08000000,0x000000ab08100000] [id=18584]
  0x000002912da9f800 ConcurrentGCThread "G1 Conc#1" [stack: 0x000000ab0a300000,0x000000ab0a400000] [id=7532]
  0x000002912a7e0800 ConcurrentGCThread "G1 Refine#0" [stack: 0x000000ab08100000,0x000000ab08200000] [id=2016]
  0x000002912bfc3000 ConcurrentGCThread "G1 Refine#1" [stack: 0x000000ab09f00000,0x000000ab0a000000] [id=21048]
  0x0000029132465000 ConcurrentGCThread "G1 Refine#2" [stack: 0x000000ab11200000,0x000000ab11300000] [id=21784]
  0x000002912a7e1800 ConcurrentGCThread "G1 Young RemSet Sampling" [stack: 0x000000ab08200000,0x000000ab08300000] [id=12928]

Threads with active compile tasks:
C2 CompilerThread0  45369 15384       4       org.gradle.internal.instantiation.generator.AbstractClassGenerator::inspectType (560 bytes)
C1 CompilerThread0  45369 15534       2       com.android.tools.r8.graph.q0::<init> (203 bytes)

VM state:at safepoint (normal execution)

VM Mutex/Monitor currently owned by a thread:  ([mutex/lock_event])
[0x0000029110509d20] Threads_lock - owner thread: 0x000002912a98e800
[0x00000291105095d0] Heap_lock - owner thread: 0x000002912fd67800

Heap address: 0x0000000080000000, size: 2048 MB, Compressed Oops mode: 32-bit
Narrow klass base: 0x0000000000000000, Narrow klass shift: 3
Compressed class space size: 1073741824 Address: 0x0000000100000000

Heap:
 garbage-first heap   total 187392K, used 120169K [0x0000000080000000, 0x0000000100000000)
  region size 1024K, 2 young (2048K), 2 survivors (2048K)
 Metaspace       used 116093K, capacity 119267K, committed 120748K, reserved 1153024K
  class space    used 15096K, capacity 16309K, committed 16896K, reserved 1048576K
Heap Regions: E=young(eden), S=young(survivor), O=old, HS=humongous(starts), HC=humongous(continues), CS=collection set, F=free, A=archive, TAMS=top-at-mark-start (previous, next)
|   0|0x0000000080000000, 0x0000000080100000, 0x0000000080100000|100%| O|  |TAMS 0x0000000080100000, 0x0000000080000000| Untracked 
|   1|0x0000000080100000, 0x0000000080200000, 0x0000000080200000|100%| O|  |TAMS 0x0000000080200000, 0x0000000080100000| Untracked 
|   2|0x0000000080200000, 0x0000000080300000, 0x0000000080300000|100%| O|  |TAMS 0x0000000080300000, 0x0000000080200000| Untracked 
|   3|0x0000000080300000, 0x0000000080400000, 0x0000000080400000|100%|HS|  |TAMS 0x0000000080400000, 0x0000000080300000| Complete 
|   4|0x0000000080400000, 0x0000000080500000, 0x0000000080500000|100%|HC|  |TAMS 0x0000000080500000, 0x0000000080400000| Complete 
|   5|0x0000000080500000, 0x0000000080600000, 0x0000000080600000|100%|HC|  |TAMS 0x0000000080600000, 0x0000000080500000| Complete 
|   6|0x0000000080600000, 0x0000000080700000, 0x0000000080700000|100%| O|  |TAMS 0x0000000080700000, 0x0000000080600000| Untracked 
|   7|0x0000000080700000, 0x0000000080800000, 0x0000000080800000|100%| O|  |TAMS 0x0000000080800000, 0x0000000080700000| Untracked 
|   8|0x0000000080800000, 0x0000000080900000, 0x0000000080900000|100%| O|  |TAMS 0x0000000080900000, 0x0000000080800000| Untracked 
|   9|0x0000000080900000, 0x0000000080a00000, 0x0000000080a00000|100%| O|  |TAMS 0x0000000080a00000, 0x0000000080900000| Untracked 
|  10|0x0000000080a00000, 0x0000000080b00000, 0x0000000080b00000|100%| O|  |TAMS 0x0000000080b00000, 0x0000000080a00000| Untracked 
|  11|0x0000000080b00000, 0x0000000080c00000, 0x0000000080c00000|100%| O|  |TAMS 0x0000000080c00000, 0x0000000080b00000| Untracked 
|  12|0x0000000080c00000, 0x0000000080d00000, 0x0000000080d00000|100%| O|  |TAMS 0x0000000080d00000, 0x0000000080c00000| Untracked 
|  13|0x0000000080d00000, 0x0000000080e00000, 0x0000000080e00000|100%| O|  |TAMS 0x0000000080e00000, 0x0000000080d00000| Untracked 
|  14|0x0000000080e00000, 0x0000000080f00000, 0x0000000080f00000|100%| O|  |TAMS 0x0000000080f00000, 0x0000000080e00000| Untracked 
|  15|0x0000000080f00000, 0x0000000081000000, 0x0000000081000000|100%| O|  |TAMS 0x0000000081000000, 0x0000000080f00000| Untracked 
|  16|0x0000000081000000, 0x0000000081100000, 0x0000000081100000|100%| O|  |TAMS 0x0000000081100000, 0x0000000081000000| Untracked 
|  17|0x0000000081100000, 0x0000000081200000, 0x0000000081200000|100%| O|  |TAMS 0x0000000081200000, 0x0000000081100000| Untracked 
|  18|0x0000000081200000, 0x0000000081300000, 0x0000000081300000|100%| O|  |TAMS 0x0000000081300000, 0x0000000081200000| Untracked 
|  19|0x0000000081300000, 0x0000000081400000, 0x0000000081400000|100%| O|  |TAMS 0x0000000081400000, 0x0000000081300000| Untracked 
|  20|0x0000000081400000, 0x0000000081500000, 0x0000000081500000|100%| O|  |TAMS 0x0000000081500000, 0x0000000081400000| Untracked 
|  21|0x0000000081500000, 0x0000000081600000, 0x0000000081600000|100%| O|  |TAMS 0x0000000081600000, 0x0000000081500000| Untracked 
|  22|0x0000000081600000, 0x0000000081700000, 0x0000000081700000|100%| O|  |TAMS 0x0000000081700000, 0x0000000081600000| Untracked 
|  23|0x0000000081700000, 0x0000000081800000, 0x0000000081800000|100%| O|  |TAMS 0x0000000081800000, 0x0000000081700000| Untracked 
|  24|0x0000000081800000, 0x0000000081900000, 0x0000000081900000|100%| O|  |TAMS 0x0000000081900000, 0x0000000081800000| Untracked 
|  25|0x0000000081900000, 0x0000000081a00000, 0x0000000081a00000|100%| O|  |TAMS 0x0000000081a00000, 0x0000000081900000| Untracked 
|  26|0x0000000081a00000, 0x0000000081b00000, 0x0000000081b00000|100%| O|  |TAMS 0x0000000081b00000, 0x0000000081a00000| Untracked 
|  27|0x0000000081b00000, 0x0000000081c00000, 0x0000000081c00000|100%|HS|  |TAMS 0x0000000081c00000, 0x0000000081b00000| Complete 
|  28|0x0000000081c00000, 0x0000000081d00000, 0x0000000081d00000|100%|HS|  |TAMS 0x0000000081d00000, 0x0000000081c00000| Complete 
|  29|0x0000000081d00000, 0x0000000081e00000, 0x0000000081e00000|100%|HS|  |TAMS 0x0000000081e00000, 0x0000000081d00000| Complete 
|  30|0x0000000081e00000, 0x0000000081f00000, 0x0000000081f00000|100%|HS|  |TAMS 0x0000000081f00000, 0x0000000081e00000| Complete 
|  31|0x0000000081f00000, 0x0000000082000000, 0x0000000082000000|100%|HC|  |TAMS 0x0000000082000000, 0x0000000081f00000| Complete 
|  32|0x0000000082000000, 0x0000000082100000, 0x0000000082100000|100%|HC|  |TAMS 0x0000000082100000, 0x0000000082000000| Complete 
|  33|0x0000000082100000, 0x0000000082200000, 0x0000000082200000|100%|HS|  |TAMS 0x0000000082200000, 0x0000000082100000| Complete 
|  34|0x0000000082200000, 0x0000000082300000, 0x0000000082300000|100%|HC|  |TAMS 0x0000000082300000, 0x0000000082200000| Complete 
|  35|0x0000000082300000, 0x0000000082400000, 0x0000000082400000|100%| O|  |TAMS 0x0000000082400000, 0x0000000082300000| Untracked 
|  36|0x0000000082400000, 0x0000000082500000, 0x0000000082500000|100%| O|  |TAMS 0x0000000082500000, 0x0000000082400000| Untracked 
|  37|0x0000000082500000, 0x0000000082600000, 0x0000000082600000|100%| O|  |TAMS 0x0000000082600000, 0x0000000082500000| Untracked 
|  38|0x0000000082600000, 0x0000000082700000, 0x0000000082700000|100%| O|  |TAMS 0x0000000082700000, 0x0000000082600000| Untracked 
|  39|0x0000000082700000, 0x0000000082800000, 0x0000000082800000|100%| O|  |TAMS 0x0000000082800000, 0x0000000082700000| Untracked 
|  40|0x0000000082800000, 0x0000000082900000, 0x0000000082900000|100%| O|  |TAMS 0x0000000082900000, 0x0000000082800000| Untracked 
|  41|0x0000000082900000, 0x0000000082a00000, 0x0000000082a00000|100%| O|  |TAMS 0x0000000082a00000, 0x0000000082900000| Untracked 
|  42|0x0000000082a00000, 0x0000000082b00000, 0x0000000082b00000|100%| O|  |TAMS 0x0000000082b00000, 0x0000000082a00000| Untracked 
|  43|0x0000000082b00000, 0x0000000082c00000, 0x0000000082c00000|100%| O|  |TAMS 0x0000000082c00000, 0x0000000082b00000| Untracked 
|  44|0x0000000082c00000, 0x0000000082d00000, 0x0000000082d00000|100%| O|  |TAMS 0x0000000082d00000, 0x0000000082c00000| Untracked 
|  45|0x0000000082d00000, 0x0000000082e00000, 0x0000000082e00000|100%| O|  |TAMS 0x0000000082e00000, 0x0000000082d00000| Untracked 
|  46|0x0000000082e00000, 0x0000000082f00000, 0x0000000082f00000|100%| O|  |TAMS 0x0000000082f00000, 0x0000000082e00000| Untracked 
|  47|0x0000000082f00000, 0x0000000083000000, 0x0000000083000000|100%| O|  |TAMS 0x0000000083000000, 0x0000000082f00000| Untracked 
|  48|0x0000000083000000, 0x0000000083100000, 0x0000000083100000|100%| O|  |TAMS 0x0000000083100000, 0x0000000083000000| Untracked 
|  49|0x0000000083100000, 0x0000000083200000, 0x0000000083200000|100%| O|  |TAMS 0x0000000083200000, 0x0000000083100000| Untracked 
|  50|0x0000000083200000, 0x0000000083300000, 0x0000000083300000|100%| O|  |TAMS 0x0000000083300000, 0x0000000083200000| Untracked 
|  51|0x0000000083300000, 0x0000000083400000, 0x0000000083400000|100%| O|  |TAMS 0x0000000083400000, 0x0000000083300000| Untracked 
|  52|0x0000000083400000, 0x0000000083500000, 0x0000000083500000|100%| O|  |TAMS 0x0000000083500000, 0x0000000083400000| Untracked 
|  53|0x0000000083500000, 0x0000000083600000, 0x0000000083600000|100%| O|  |TAMS 0x0000000083600000, 0x0000000083500000| Untracked 
|  54|0x0000000083600000, 0x0000000083700000, 0x0000000083700000|100%| O|  |TAMS 0x0000000083700000, 0x0000000083600000| Untracked 
|  55|0x0000000083700000, 0x0000000083800000, 0x0000000083800000|100%| O|  |TAMS 0x0000000083800000, 0x0000000083700000| Untracked 
|  56|0x0000000083800000, 0x0000000083900000, 0x0000000083900000|100%| O|  |TAMS 0x0000000083900000, 0x0000000083800000| Untracked 
|  57|0x0000000083900000, 0x0000000083a00000, 0x0000000083a00000|100%| O|  |TAMS 0x0000000083a00000, 0x0000000083900000| Untracked 
|  58|0x0000000083a00000, 0x0000000083b00000, 0x0000000083b00000|100%| O|  |TAMS 0x0000000083b00000, 0x0000000083a00000| Untracked 
|  59|0x0000000083b00000, 0x0000000083c00000, 0x0000000083c00000|100%| O|  |TAMS 0x0000000083c00000, 0x0000000083b00000| Untracked 
|  60|0x0000000083c00000, 0x0000000083d00000, 0x0000000083d00000|100%| O|  |TAMS 0x0000000083d00000, 0x0000000083c00000| Untracked 
|  61|0x0000000083d00000, 0x0000000083e00000, 0x0000000083e00000|100%| O|  |TAMS 0x0000000083e00000, 0x0000000083d00000| Untracked 
|  62|0x0000000083e00000, 0x0000000083f00000, 0x0000000083f00000|100%| O|  |TAMS 0x0000000083f00000, 0x0000000083e00000| Untracked 
|  63|0x0000000083f00000, 0x0000000084000000, 0x0000000084000000|100%| O|  |TAMS 0x0000000084000000, 0x0000000083f00000| Untracked 
|  64|0x0000000084000000, 0x0000000084100000, 0x0000000084100000|100%| O|  |TAMS 0x0000000084100000, 0x0000000084000000| Untracked 
|  65|0x0000000084100000, 0x0000000084200000, 0x0000000084200000|100%| O|  |TAMS 0x0000000084200000, 0x0000000084100000| Untracked 
|  66|0x0000000084200000, 0x0000000084300000, 0x0000000084300000|100%| O|  |TAMS 0x0000000084300000, 0x0000000084200000| Untracked 
|  67|0x0000000084300000, 0x0000000084400000, 0x0000000084400000|100%| O|  |TAMS 0x0000000084400000, 0x0000000084300000| Untracked 
|  68|0x0000000084400000, 0x0000000084500000, 0x0000000084500000|100%| O|  |TAMS 0x0000000084500000, 0x0000000084400000| Untracked 
|  69|0x0000000084500000, 0x0000000084600000, 0x0000000084600000|100%| O|  |TAMS 0x0000000084600000, 0x0000000084500000| Untracked 
|  70|0x0000000084600000, 0x0000000084700000, 0x0000000084700000|100%| O|  |TAMS 0x0000000084700000, 0x0000000084600000| Untracked 
|  71|0x0000000084700000, 0x0000000084800000, 0x0000000084800000|100%| O|  |TAMS 0x0000000084800000, 0x0000000084700000| Untracked 
|  72|0x0000000084800000, 0x0000000084900000, 0x0000000084900000|100%| O|  |TAMS 0x0000000084900000, 0x0000000084800000| Untracked 
|  73|0x0000000084900000, 0x0000000084a00000, 0x0000000084a00000|100%| O|  |TAMS 0x0000000084a00000, 0x0000000084900000| Untracked 
|  74|0x0000000084a00000, 0x0000000084b00000, 0x0000000084b00000|100%| O|  |TAMS 0x0000000084b00000, 0x0000000084a00000| Untracked 
|  75|0x0000000084b00000, 0x0000000084c00000, 0x0000000084c00000|100%| O|  |TAMS 0x0000000084c00000, 0x0000000084b00000| Untracked 
|  76|0x0000000084c00000, 0x0000000084d00000, 0x0000000084d00000|100%| O|  |TAMS 0x0000000084c00000, 0x0000000084c00000| Untracked 
|  77|0x0000000084d00000, 0x0000000084e00000, 0x0000000084e00000|100%| O|  |TAMS 0x0000000084e00000, 0x0000000084d00000| Untracked 
|  78|0x0000000084e00000, 0x0000000084f00000, 0x0000000084f00000|100%| O|  |TAMS 0x0000000084f00000, 0x0000000084e00000| Untracked 
|  79|0x0000000084f00000, 0x0000000085000000, 0x0000000085000000|100%| O|  |TAMS 0x0000000085000000, 0x0000000084f00000| Untracked 
|  80|0x0000000085000000, 0x0000000085100000, 0x0000000085100000|100%| O|  |TAMS 0x0000000085100000, 0x0000000085000000| Untracked 
|  81|0x0000000085100000, 0x0000000085200000, 0x0000000085200000|100%| O|  |TAMS 0x0000000085200000, 0x0000000085100000| Untracked 
|  82|0x0000000085200000, 0x0000000085300000, 0x0000000085300000|100%| O|  |TAMS 0x0000000085300000, 0x0000000085200000| Untracked 
|  83|0x0000000085300000, 0x0000000085400000, 0x0000000085400000|100%| O|  |TAMS 0x0000000085400000, 0x0000000085300000| Untracked 
|  84|0x0000000085400000, 0x0000000085500000, 0x0000000085500000|100%| O|  |TAMS 0x0000000085500000, 0x0000000085400000| Untracked 
|  85|0x0000000085500000, 0x0000000085600000, 0x0000000085600000|100%| O|  |TAMS 0x0000000085600000, 0x0000000085500000| Untracked 
|  86|0x0000000085600000, 0x0000000085700000, 0x0000000085700000|100%| O|  |TAMS 0x0000000085700000, 0x0000000085600000| Untracked 
|  87|0x0000000085700000, 0x0000000085800000, 0x0000000085800000|100%| O|  |TAMS 0x0000000085800000, 0x0000000085700000| Untracked 
|  88|0x0000000085800000, 0x0000000085900000, 0x0000000085900000|100%| O|  |TAMS 0x0000000085900000, 0x0000000085800000| Untracked 
|  89|0x0000000085900000, 0x0000000085a00000, 0x0000000085a00000|100%| O|  |TAMS 0x0000000085a00000, 0x0000000085900000| Untracked 
|  90|0x0000000085a00000, 0x0000000085b00000, 0x0000000085b00000|100%| O|  |TAMS 0x0000000085b00000, 0x0000000085a00000| Untracked 
|  91|0x0000000085b00000, 0x0000000085c00000, 0x0000000085c00000|100%| O|  |TAMS 0x0000000085c00000, 0x0000000085b00000| Untracked 
|  92|0x0000000085c00000, 0x0000000085d00000, 0x0000000085d00000|100%| O|  |TAMS 0x0000000085c00000, 0x0000000085c00000| Untracked 
|  93|0x0000000085d00000, 0x0000000085e00000, 0x0000000085e00000|100%| O|  |TAMS 0x0000000085e00000, 0x0000000085d00000| Untracked 
|  94|0x0000000085e00000, 0x0000000085f00000, 0x0000000085f00000|100%| O|  |TAMS 0x0000000085f00000, 0x0000000085e00000| Untracked 
|  95|0x0000000085f00000, 0x0000000086000000, 0x0000000086000000|100%| O|  |TAMS 0x0000000086000000, 0x0000000085f00000| Untracked 
|  96|0x0000000086000000, 0x0000000086100000, 0x0000000086100000|100%| O|  |TAMS 0x0000000086100000, 0x0000000086000000| Untracked 
|  97|0x0000000086100000, 0x0000000086200000, 0x0000000086200000|100%| O|  |TAMS 0x0000000086200000, 0x0000000086100000| Untracked 
|  98|0x0000000086200000, 0x0000000086300000, 0x0000000086300000|100%| O|  |TAMS 0x0000000086300000, 0x0000000086200000| Untracked 
|  99|0x0000000086300000, 0x0000000086400000, 0x0000000086400000|100%| O|  |TAMS 0x0000000086400000, 0x0000000086300000| Untracked 
| 100|0x0000000086400000, 0x0000000086500000, 0x0000000086500000|100%| O|  |TAMS 0x0000000086500000, 0x0000000086400000| Untracked 
| 101|0x0000000086500000, 0x0000000086600000, 0x0000000086600000|100%| O|  |TAMS 0x0000000086600000, 0x0000000086500000| Untracked 
| 102|0x0000000086600000, 0x0000000086700000, 0x0000000086700000|100%| O|  |TAMS 0x0000000086700000, 0x0000000086600000| Untracked 
| 103|0x0000000086700000, 0x0000000086800000, 0x0000000086800000|100%| O|  |TAMS 0x0000000086800000, 0x0000000086700000| Untracked 
| 104|0x0000000086800000, 0x0000000086900000, 0x0000000086900000|100%| O|  |TAMS 0x0000000086900000, 0x0000000086800000| Untracked 
| 105|0x0000000086900000, 0x0000000086a00000, 0x0000000086a00000|100%| O|  |TAMS 0x0000000086a00000, 0x0000000086900000| Untracked 
| 106|0x0000000086a00000, 0x0000000086b00000, 0x0000000086b00000|100%| O|  |TAMS 0x0000000086b00000, 0x0000000086a00000| Untracked 
| 107|0x0000000086b00000, 0x0000000086c00000, 0x0000000086c00000|100%| O|  |TAMS 0x0000000086c00000, 0x0000000086b00000| Untracked 
| 108|0x0000000086c00000, 0x0000000086d00000, 0x0000000086d00000|100%| O|  |TAMS 0x0000000086d00000, 0x0000000086c00000| Untracked 
| 109|0x0000000086d00000, 0x0000000086e00000, 0x0000000086e00000|100%| O|  |TAMS 0x0000000086e00000, 0x0000000086d00000| Untracked 
| 110|0x0000000086e00000, 0x0000000086f00000, 0x0000000086f00000|100%| O|  |TAMS 0x0000000086e4be00, 0x0000000086e00000| Untracked 
| 111|0x0000000086f00000, 0x0000000087000000, 0x0000000087000000|100%| O|  |TAMS 0x0000000086f00000, 0x0000000086f00000| Untracked 
| 112|0x0000000087000000, 0x0000000087100000, 0x0000000087100000|100%| O|  |TAMS 0x0000000087000000, 0x0000000087000000| Untracked 
| 113|0x0000000087100000, 0x0000000087200000, 0x0000000087200000|100%| O|  |TAMS 0x0000000087100000, 0x0000000087100000| Untracked 
| 114|0x0000000087200000, 0x000000008725a400, 0x0000000087300000| 35%| O|  |TAMS 0x0000000087200000, 0x0000000087200000| Untracked 
| 115|0x0000000087300000, 0x0000000087300000, 0x0000000087400000|  0%| F|  |TAMS 0x0000000087300000, 0x0000000087300000| Untracked 
| 116|0x0000000087400000, 0x0000000087500000, 0x0000000087500000|100%| O|  |TAMS 0x0000000087500000, 0x0000000087400000| Untracked 
| 117|0x0000000087500000, 0x0000000087500000, 0x0000000087600000|  0%| F|  |TAMS 0x0000000087500000, 0x0000000087500000| Untracked 
| 118|0x0000000087600000, 0x0000000087600000, 0x0000000087700000|  0%| F|  |TAMS 0x0000000087600000, 0x0000000087600000| Untracked 
| 119|0x0000000087700000, 0x0000000087700000, 0x0000000087800000|  0%| F|  |TAMS 0x0000000087700000, 0x0000000087700000| Untracked 
| 120|0x0000000087800000, 0x0000000087800000, 0x0000000087900000|  0%| F|  |TAMS 0x0000000087800000, 0x0000000087800000| Untracked 
| 121|0x0000000087900000, 0x0000000087900000, 0x0000000087a00000|  0%| F|  |TAMS 0x0000000087900000, 0x0000000087900000| Untracked 
| 122|0x0000000087a00000, 0x0000000087a00000, 0x0000000087b00000|  0%| F|  |TAMS 0x0000000087a00000, 0x0000000087a00000| Untracked 
| 123|0x0000000087b00000, 0x0000000087b00000, 0x0000000087c00000|  0%| F|  |TAMS 0x0000000087b00000, 0x0000000087b00000| Untracked 
| 124|0x0000000087c00000, 0x0000000087c00000, 0x0000000087d00000|  0%| F|  |TAMS 0x0000000087c00000, 0x0000000087c00000| Untracked 
| 125|0x0000000087d00000, 0x0000000087d00000, 0x0000000087e00000|  0%| F|  |TAMS 0x0000000087d00000, 0x0000000087d00000| Untracked 
| 126|0x0000000087e00000, 0x0000000087e00000, 0x0000000087f00000|  0%| F|  |TAMS 0x0000000087e00000, 0x0000000087e00000| Untracked 
| 127|0x0000000087f00000, 0x0000000087f00000, 0x0000000088000000|  0%| F|  |TAMS 0x0000000087f00000, 0x0000000087f00000| Untracked 
| 128|0x0000000088000000, 0x0000000088000000, 0x0000000088100000|  0%| F|  |TAMS 0x0000000088000000, 0x0000000088000000| Untracked 
| 129|0x0000000088100000, 0x0000000088100000, 0x0000000088200000|  0%| F|  |TAMS 0x0000000088100000, 0x0000000088100000| Untracked 
| 130|0x0000000088200000, 0x0000000088200000, 0x0000000088300000|  0%| F|  |TAMS 0x0000000088200000, 0x0000000088200000| Untracked 
| 131|0x0000000088300000, 0x0000000088300000, 0x0000000088400000|  0%| F|  |TAMS 0x0000000088300000, 0x0000000088300000| Untracked 
| 132|0x0000000088400000, 0x0000000088400000, 0x0000000088500000|  0%| F|  |TAMS 0x0000000088400000, 0x0000000088400000| Untracked 
| 133|0x0000000088500000, 0x0000000088500000, 0x0000000088600000|  0%| F|  |TAMS 0x0000000088500000, 0x0000000088500000| Untracked 
| 134|0x0000000088600000, 0x0000000088700000, 0x0000000088700000|100%| S|CS|TAMS 0x0000000088600000, 0x0000000088600000| Complete 
| 135|0x0000000088700000, 0x0000000088800000, 0x0000000088800000|100%| S|CS|TAMS 0x0000000088700000, 0x0000000088700000| Complete 
| 136|0x0000000088800000, 0x0000000088800000, 0x0000000088900000|  0%| F|  |TAMS 0x0000000088800000, 0x0000000088800000| Untracked 
| 137|0x0000000088900000, 0x0000000088900000, 0x0000000088a00000|  0%| F|  |TAMS 0x0000000088900000, 0x0000000088900000| Untracked 
| 138|0x0000000088a00000, 0x0000000088a00000, 0x0000000088b00000|  0%| F|  |TAMS 0x0000000088a00000, 0x0000000088a00000| Untracked 
| 139|0x0000000088b00000, 0x0000000088b00000, 0x0000000088c00000|  0%| F|  |TAMS 0x0000000088b00000, 0x0000000088b00000| Untracked 
| 140|0x0000000088c00000, 0x0000000088c00000, 0x0000000088d00000|  0%| F|  |TAMS 0x0000000088c00000, 0x0000000088c00000| Untracked 
| 141|0x0000000088d00000, 0x0000000088d00000, 0x0000000088e00000|  0%| F|  |TAMS 0x0000000088d00000, 0x0000000088d00000| Untracked 
| 142|0x0000000088e00000, 0x0000000088e00000, 0x0000000088f00000|  0%| F|  |TAMS 0x0000000088e00000, 0x0000000088e00000| Untracked 
| 143|0x0000000088f00000, 0x0000000088f00000, 0x0000000089000000|  0%| F|  |TAMS 0x0000000088f00000, 0x0000000088f00000| Untracked 
| 144|0x0000000089000000, 0x0000000089000000, 0x0000000089100000|  0%| F|  |TAMS 0x0000000089000000, 0x0000000089000000| Untracked 
| 145|0x0000000089100000, 0x0000000089100000, 0x0000000089200000|  0%| F|  |TAMS 0x0000000089100000, 0x0000000089100000| Untracked 
| 146|0x0000000089200000, 0x0000000089200000, 0x0000000089300000|  0%| F|  |TAMS 0x0000000089200000, 0x0000000089200000| Untracked 
| 147|0x0000000089300000, 0x0000000089300000, 0x0000000089400000|  0%| F|  |TAMS 0x0000000089300000, 0x0000000089300000| Untracked 
| 148|0x0000000089400000, 0x0000000089400000, 0x0000000089500000|  0%| F|  |TAMS 0x0000000089400000, 0x0000000089400000| Untracked 
| 149|0x0000000089500000, 0x0000000089500000, 0x0000000089600000|  0%| F|  |TAMS 0x0000000089500000, 0x0000000089500000| Untracked 
| 150|0x0000000089600000, 0x0000000089600000, 0x0000000089700000|  0%| F|  |TAMS 0x0000000089600000, 0x0000000089600000| Untracked 
| 151|0x0000000089700000, 0x0000000089700000, 0x0000000089800000|  0%| F|  |TAMS 0x0000000089700000, 0x0000000089700000| Untracked 

Card table byte_map: [0x0000029123750000,0x0000029123b50000] _byte_map_base: 0x0000029123350000

Marking Bits (Prev, Next): (CMBitMap*) 0x0000029110550ca8, (CMBitMap*) 0x0000029110550ce0
 Prev Bits: [0x0000029123f50000, 0x0000029125f50000)
 Next Bits: [0x0000029125f50000, 0x0000029127f50000)

Polling page: 0x000002910e430000

Metaspace:

Usage:
  Non-class:    100.54 MB capacity,    98.63 MB ( 98%) used,     1.54 MB (  2%) free+waste,   386.50 KB ( <1%) overhead. 
      Class:     15.93 MB capacity,    14.74 MB ( 93%) used,     1.01 MB (  6%) free+waste,   176.63 KB (  1%) overhead. 
       Both:    116.47 MB capacity,   113.37 MB ( 97%) used,     2.55 MB (  2%) free+waste,   563.13 KB ( <1%) overhead. 

Virtual space:
  Non-class space:      102.00 MB reserved,     101.42 MB (>99%) committed 
      Class space:        1.00 GB reserved,      16.50 MB (  2%) committed 
             Both:        1.10 GB reserved,     117.92 MB ( 10%) committed 

Chunk freelists:
   Non-Class:  702.00 KB
       Class:  523.00 KB
        Both:  1.20 MB

MaxMetaspaceSize: 17179869184.00 GB
CompressedClassSpaceSize: 1.00 GB
Initial GC threshold: 20.80 MB
Current GC threshold: 194.03 MB
CDS: off

CodeHeap 'non-profiled nmethods': size=120000Kb used=8615Kb max_used=8615Kb free=111384Kb
 bounds [0x000002911baf0000, 0x000002911c360000, 0x0000029123020000]
CodeHeap 'profiled nmethods': size=120000Kb used=32250Kb max_used=32250Kb free=87749Kb
 bounds [0x00000291145c0000, 0x0000029116540000, 0x000002911baf0000]
CodeHeap 'non-nmethods': size=5760Kb used=2474Kb max_used=2491Kb free=3285Kb
 bounds [0x0000029114020000, 0x00000291142a0000, 0x00000291145c0000]
 total_blobs=16237 nmethods=15226 adapters=922
 compilation: enabled
              stopped_count=0, restarted_count=0
 full_count=0

Compilation events (20 events):
Event: 45.317 Thread 0x000002912a9be800 nmethod 15614 0x000002911c359490 code [0x000002911c359640, 0x000002911c3596f8]
Event: 45.317 Thread 0x000002912a9be800 15586       1       com.android.tools.r8.graph.c::a (5 bytes)
Event: 45.317 Thread 0x000002912a9be800 nmethod 15586 0x000002911c359790 code [0x000002911c359940, 0x000002911c3599d8]
Event: 45.317 Thread 0x000002912a9be800 15587       1       com.android.tools.r8.graph.c::b (5 bytes)
Event: 45.317 Thread 0x000002912a9be800 nmethod 15587 0x000002911c359a90 code [0x000002911c359c40, 0x000002911c359cd8]
Event: 45.317 Thread 0x000002912a9be800 15538       2       com.android.tools.r8.graph.w::<init> (5 bytes)
Event: 45.318 Thread 0x000002912a9be800 nmethod 15538 0x000002911653bd90 code [0x000002911653bf40, 0x000002911653c038]
Event: 45.318 Thread 0x000002912a9be800 15533       2       com.android.tools.r8.graph.q0$a::a (355 bytes)
Event: 45.318 Thread 0x000002912a9be800 nmethod 15533 0x000002911653c110 code [0x000002911653c300, 0x000002911653c618]
Event: 45.318 Thread 0x000002912a9be800 15627       3       java.util.IdentityHashMap$KeySet::toArray (139 bytes)
Event: 45.319 Thread 0x000002912a9be800 nmethod 15627 0x000002911653c790 code [0x000002911653ca20, 0x000002911653d618]
Event: 45.319 Thread 0x000002912a9be800 15629       2       com.android.tools.r8.graph.e0::J (2 bytes)
Event: 45.319 Thread 0x000002912a9be800 nmethod 15629 0x000002911653da90 code [0x000002911653dc40, 0x000002911653dd38]
Event: 45.319 Thread 0x000002912a9be800 15528       2       com.android.tools.r8.graph.B::<init> (15 bytes)
Event: 45.319 Thread 0x000002912a9be800 nmethod 15528 0x000002911653de10 code [0x000002911653dfc0, 0x000002911653e158]
Event: 45.319 Thread 0x000002912a9be800 15552       2       com.android.tools.r8.graph.j1$l::<init> (6 bytes)
Event: 45.320 Thread 0x000002912a9be800 nmethod 15552 0x000002911653e210 code [0x000002911653e3c0, 0x000002911653e4f8]
Event: 45.320 Thread 0x000002912a9be800 15553       2       com.android.tools.r8.graph.j1$l::<init> (10 bytes)
Event: 45.320 Thread 0x000002912a9be800 nmethod 15553 0x000002911653e590 code [0x000002911653e740, 0x000002911653e878]
Event: 45.320 Thread 0x000002912a9be800 15534       2       com.android.tools.r8.graph.q0::<init> (203 bytes)

GC Heap History (20 events):
Event: 44.205 GC heap after
{Heap after GC invocations=48 (full 0):
 garbage-first heap   total 155648K, used 107899K [0x0000000080000000, 0x0000000100000000)
  region size 1024K, 3 young (3072K), 3 survivors (3072K)
 Metaspace       used 107170K, capacity 109906K, committed 109996K, reserved 1144832K
  class space    used 13791K, capacity 14829K, committed 14848K, reserved 1048576K
}
Event: 44.333 GC heap before
{Heap before GC invocations=48 (full 0):
 garbage-first heap   total 155648K, used 124283K [0x0000000080000000, 0x0000000100000000)
  region size 1024K, 20 young (20480K), 3 survivors (3072K)
 Metaspace       used 109203K, capacity 112009K, committed 112172K, reserved 1146880K
  class space    used 14069K, capacity 15152K, committed 15232K, reserved 1048576K
}
Event: 44.348 GC heap after
{Heap after GC invocations=49 (full 0):
 garbage-first heap   total 155648K, used 111720K [0x0000000080000000, 0x0000000100000000)
  region size 1024K, 3 young (3072K), 3 survivors (3072K)
 Metaspace       used 109203K, capacity 112009K, committed 112172K, reserved 1146880K
  class space    used 14069K, capacity 15152K, committed 15232K, reserved 1048576K
}
Event: 44.546 GC heap before
{Heap before GC invocations=49 (full 0):
 garbage-first heap   total 155648K, used 126056K [0x0000000080000000, 0x0000000100000000)
  region size 1024K, 18 young (18432K), 3 survivors (3072K)
 Metaspace       used 111681K, capacity 114871K, committed 115116K, reserved 1148928K
  class space    used 14590K, capacity 15843K, committed 15872K, reserved 1048576K
}
Event: 44.553 GC heap after
{Heap after GC invocations=50 (full 0):
 garbage-first heap   total 155648K, used 113298K [0x0000000080000000, 0x0000000100000000)
  region size 1024K, 2 young (2048K), 2 survivors (2048K)
 Metaspace       used 111681K, capacity 114871K, committed 115116K, reserved 1148928K
  class space    used 14590K, capacity 15843K, committed 15872K, reserved 1048576K
}
Event: 44.679 GC heap before
{Heap before GC invocations=51 (full 0):
 garbage-first heap   total 155648K, used 126610K [0x0000000080000000, 0x0000000100000000)
  region size 1024K, 16 young (16384K), 2 survivors (2048K)
 Metaspace       used 113252K, capacity 116506K, committed 116652K, reserved 1150976K
  class space    used 14816K, capacity 16113K, committed 16128K, reserved 1048576K
}
Event: 44.684 GC heap after
{Heap after GC invocations=52 (full 0):
 garbage-first heap   total 155648K, used 114636K [0x0000000080000000, 0x0000000100000000)
  region size 1024K, 2 young (2048K), 2 survivors (2048K)
 Metaspace       used 113252K, capacity 116506K, committed 116652K, reserved 1150976K
  class space    used 14816K, capacity 16113K, committed 16128K, reserved 1048576K
}
Event: 44.714 GC heap before
{Heap before GC invocations=52 (full 0):
 garbage-first heap   total 155648K, used 119756K [0x0000000080000000, 0x0000000100000000)
  region size 1024K, 7 young (7168K), 2 survivors (2048K)
 Metaspace       used 113428K, capacity 116712K, committed 117036K, reserved 1150976K
  class space    used 14834K, capacity 16159K, committed 16256K, reserved 1048576K
}
Event: 44.718 GC heap after
{Heap after GC invocations=53 (full 0):
 garbage-first heap   total 155648K, used 114345K [0x0000000080000000, 0x0000000100000000)
  region size 1024K, 1 young (1024K), 1 survivors (1024K)
 Metaspace       used 113428K, capacity 116712K, committed 117036K, reserved 1150976K
  class space    used 14834K, capacity 16159K, committed 16256K, reserved 1048576K
}
Event: 44.790 GC heap before
{Heap before GC invocations=53 (full 0):
 garbage-first heap   total 155648K, used 127657K [0x0000000080000000, 0x0000000100000000)
  region size 1024K, 15 young (15360K), 1 survivors (1024K)
 Metaspace       used 114401K, capacity 117858K, committed 117932K, reserved 1150976K
  class space    used 14980K, capacity 16351K, committed 16384K, reserved 1048576K
}
Event: 44.794 GC heap after
{Heap after GC invocations=54 (full 0):
 garbage-first heap   total 155648K, used 115443K [0x0000000080000000, 0x0000000100000000)
  region size 1024K, 2 young (2048K), 2 survivors (2048K)
 Metaspace       used 114401K, capacity 117858K, committed 117932K, reserved 1150976K
  class space    used 14980K, capacity 16351K, committed 16384K, reserved 1048576K
}
Event: 44.893 GC heap before
{Heap before GC invocations=54 (full 0):
 garbage-first heap   total 155648K, used 128755K [0x0000000080000000, 0x0000000100000000)
  region size 1024K, 16 young (16384K), 2 survivors (2048K)
 Metaspace       used 115129K, capacity 118665K, committed 118828K, reserved 1150976K
  class space    used 15078K, capacity 16490K, committed 16512K, reserved 1048576K
}
Event: 44.896 GC heap after
{Heap after GC invocations=55 (full 0):
 garbage-first heap   total 155648K, used 115555K [0x0000000080000000, 0x0000000100000000)
  region size 1024K, 2 young (2048K), 2 survivors (2048K)
 Metaspace       used 115129K, capacity 118665K, committed 118828K, reserved 1150976K
  class space    used 15078K, capacity 16490K, committed 16512K, reserved 1048576K
}
Event: 45.014 GC heap before
{Heap before GC invocations=55 (full 0):
 garbage-first heap   total 155648K, used 129891K [0x0000000080000000, 0x0000000100000000)
  region size 1024K, 17 young (17408K), 2 survivors (2048K)
 Metaspace       used 114606K, capacity 117717K, committed 119212K, reserved 1153024K
  class space    used 14821K, capacity 16022K, committed 16640K, reserved 1048576K
}
Event: 45.018 GC heap after
{Heap after GC invocations=56 (full 0):
 garbage-first heap   total 155648K, used 117098K [0x0000000080000000, 0x0000000100000000)
  region size 1024K, 3 young (3072K), 3 survivors (3072K)
 Metaspace       used 114606K, capacity 117717K, committed 119212K, reserved 1153024K
  class space    used 14821K, capacity 16022K, committed 16640K, reserved 1048576K
}
Event: 45.211 GC heap before
{Heap before GC invocations=57 (full 0):
 garbage-first heap   total 155648K, used 131434K [0x0000000080000000, 0x0000000100000000)
  region size 1024K, 17 young (17408K), 3 survivors (3072K)
 Metaspace       used 114996K, capacity 118101K, committed 119724K, reserved 1153024K
  class space    used 14853K, capacity 16031K, committed 16640K, reserved 1048576K
}
Event: 45.214 GC heap after
{Heap after GC invocations=58 (full 0):
 garbage-first heap   total 155648K, used 116059K [0x0000000080000000, 0x0000000100000000)
  region size 1024K, 2 young (2048K), 2 survivors (2048K)
 Metaspace       used 114996K, capacity 118101K, committed 119724K, reserved 1153024K
  class space    used 14853K, capacity 16031K, committed 16640K, reserved 1048576K
}
Event: 45.251 GC heap before
{Heap before GC invocations=58 (full 0):
 garbage-first heap   total 155648K, used 120155K [0x0000000080000000, 0x0000000100000000)
  region size 1024K, 7 young (7168K), 2 survivors (2048K)
 Metaspace       used 115365K, capacity 118469K, committed 120108K, reserved 1153024K
  class space    used 14907K, capacity 16106K, committed 16768K, reserved 1048576K
}
Event: 45.254 GC heap after
{Heap after GC invocations=59 (full 0):
 garbage-first heap   total 155648K, used 115771K [0x0000000080000000, 0x0000000100000000)
  region size 1024K, 1 young (1024K), 1 survivors (1024K)
 Metaspace       used 115365K, capacity 118469K, committed 120108K, reserved 1153024K
  class space    used 14907K, capacity 16106K, committed 16768K, reserved 1048576K
}
Event: 45.320 GC heap before
{Heap before GC invocations=59 (full 0):
 garbage-first heap   total 155648K, used 130107K [0x0000000080000000, 0x0000000100000000)
  region size 1024K, 16 young (16384K), 1 survivors (1024K)
 Metaspace       used 116093K, capacity 119267K, committed 120748K, reserved 1153024K
  class space    used 15096K, capacity 16309K, committed 16896K, reserved 1048576K
}

Deoptimization events (20 events):
Event: 45.278 Thread 0x0000029131ce9000 DEOPT PACKING pc=0x00000291164f5be8 sp=0x000000ab129fd680
Event: 45.278 Thread 0x0000029131ce9000 DEOPT UNPACKING pc=0x000002911406a95e sp=0x000000ab129fcb20 mode 0
Event: 45.303 Thread 0x000002912fd69000 DEOPT PACKING pc=0x00000291157b1e5c sp=0x000000ab12afedc0
Event: 45.304 Thread 0x000002912fd69000 DEOPT UNPACKING pc=0x000002911406a95e sp=0x000000ab12afe390 mode 0
Event: 45.309 Thread 0x000002912c233800 Uncommon trap: trap_request=0xffffffd6 fr.pc=0x000002911c3518b8 relative=0x00000000000008f8
Event: 45.309 Thread 0x000002912c233800 Uncommon trap: reason=array_check action=maybe_recompile pc=0x000002911c3518b8 method=java.util.TimSort.binarySort([Ljava/lang/Object;IIILjava/util/Comparator;)V @ 183 c2
Event: 45.309 Thread 0x000002912c233800 DEOPT PACKING pc=0x000002911c3518b8 sp=0x000000ab12cfdc30
Event: 45.309 Thread 0x000002912c233800 DEOPT UNPACKING pc=0x000002911406a1af sp=0x000000ab12cfdbd8 mode 2
Event: 45.311 Thread 0x000002912fd68000 Uncommon trap: trap_request=0xffffff7e fr.pc=0x000002911c3547d4 relative=0x0000000000001674
Event: 45.311 Thread 0x000002912fd68000 Uncommon trap: reason=predicate action=maybe_recompile pc=0x000002911c3547d4 method=java.util.TimSort.reverseRange([Ljava/lang/Object;II)V @ 5 c2
Event: 45.311 Thread 0x000002912fd68000 DEOPT PACKING pc=0x000002911c3547d4 sp=0x000000ab116fd350
Event: 45.312 Thread 0x000002912fd68000 DEOPT UNPACKING pc=0x000002911406a1af sp=0x000000ab116fd200 mode 2
Event: 45.312 Thread 0x000002912fd68000 Uncommon trap: trap_request=0xffffffd6 fr.pc=0x000002911c3518b8 relative=0x00000000000008f8
Event: 45.312 Thread 0x000002912fd68000 Uncommon trap: reason=array_check action=maybe_recompile pc=0x000002911c3518b8 method=java.util.TimSort.binarySort([Ljava/lang/Object;IIILjava/util/Comparator;)V @ 183 c2
Event: 45.312 Thread 0x000002912fd68000 DEOPT PACKING pc=0x000002911c3518b8 sp=0x000000ab116fd270
Event: 45.312 Thread 0x000002912fd68000 DEOPT UNPACKING pc=0x000002911406a1af sp=0x000000ab116fd240 mode 2
Event: 45.316 Thread 0x000002912fd6a000 DEOPT PACKING pc=0x000002911653752f sp=0x000000ab12bfcd10
Event: 45.316 Thread 0x000002912fd6a000 DEOPT UNPACKING pc=0x000002911406a95e sp=0x000000ab12bfc1b0 mode 0
Event: 45.318 Thread 0x000002912fd67800 DEOPT PACKING pc=0x000002911647816b sp=0x000000ab113fca10
Event: 45.318 Thread 0x000002912fd67800 DEOPT UNPACKING pc=0x000002911406a95e sp=0x000000ab113fbec8 mode 0

Classes redefined (0 events):
No events

Internal exceptions (20 events):
Event: 45.031 Thread 0x000002912fd68000 Exception <a 'sun/nio/fs/WindowsException'{0x00000000896fa148}> (0x00000000896fa148) thrown at [./src/hotspot/share/prims/jni.cpp, line 615]
Event: 45.037 Thread 0x000002912fd68000 Exception <a 'sun/nio/fs/WindowsException'{0x00000000895d8a88}> (0x00000000895d8a88) thrown at [./src/hotspot/share/prims/jni.cpp, line 615]
Event: 45.040 Thread 0x000002912fd68000 Exception <a 'sun/nio/fs/WindowsException'{0x0000000089496e88}> (0x0000000089496e88) thrown at [./src/hotspot/share/prims/jni.cpp, line 615]
Event: 45.043 Thread 0x000002912fd68000 Exception <a 'sun/nio/fs/WindowsException'{0x000000008949e8a0}> (0x000000008949e8a0) thrown at [./src/hotspot/share/prims/jni.cpp, line 615]
Event: 45.047 Thread 0x0000029131ce3800 Exception <a 'sun/nio/fs/WindowsException'{0x00000000893841a0}> (0x00000000893841a0) thrown at [./src/hotspot/share/prims/jni.cpp, line 615]
Event: 45.047 Thread 0x000002912fd68000 Exception <a 'sun/nio/fs/WindowsException'{0x000000008938d770}> (0x000000008938d770) thrown at [./src/hotspot/share/prims/jni.cpp, line 615]
Event: 45.051 Thread 0x0000029131ce3800 Exception <a 'sun/nio/fs/WindowsException'{0x00000000893db9a0}> (0x00000000893db9a0) thrown at [./src/hotspot/share/prims/jni.cpp, line 615]
Event: 45.058 Thread 0x000002912fd68000 Exception <a 'sun/nio/fs/WindowsException'{0x00000000893fa758}> (0x00000000893fa758) thrown at [./src/hotspot/share/prims/jni.cpp, line 615]
Event: 45.216 Thread 0x0000029131ce3800 Exception <a 'sun/nio/fs/WindowsException'{0x0000000089783d10}> (0x0000000089783d10) thrown at [./src/hotspot/share/prims/jni.cpp, line 615]
Event: 45.217 Thread 0x0000029131ce9000 Exception <a 'sun/nio/fs/WindowsException'{0x000000008977c418}> (0x000000008977c418) thrown at [./src/hotspot/share/prims/jni.cpp, line 615]
Event: 45.217 Thread 0x000002912fd69000 Exception <a 'sun/nio/fs/WindowsException'{0x00000000897816d8}> (0x00000000897816d8) thrown at [./src/hotspot/share/prims/jni.cpp, line 615]
Event: 45.219 Thread 0x000002912fd67800 Exception <a 'sun/nio/fs/WindowsException'{0x0000000089602180}> (0x0000000089602180) thrown at [./src/hotspot/share/prims/jni.cpp, line 615]
Event: 45.222 Thread 0x000002912fd68000 Exception <a 'sun/nio/fs/WindowsException'{0x0000000089682608}> (0x0000000089682608) thrown at [./src/hotspot/share/prims/jni.cpp, line 615]
Event: 45.227 Thread 0x000002912c233800 Exception <a 'sun/nio/fs/WindowsException'{0x00000000895145c8}> (0x00000000895145c8) thrown at [./src/hotspot/share/prims/jni.cpp, line 615]
Event: 45.228 Thread 0x000002912fd6a000 Exception <a 'sun/nio/fs/WindowsException'{0x0000000089539b40}> (0x0000000089539b40) thrown at [./src/hotspot/share/prims/jni.cpp, line 615]
Event: 45.243 Thread 0x000002912c232800 Exception <a 'sun/nio/fs/WindowsException'{0x000000008945efd0}> (0x000000008945efd0) thrown at [./src/hotspot/share/prims/jni.cpp, line 615]
Event: 45.302 Thread 0x000002912fd69000 Exception <a 'sun/nio/fs/WindowsException'{0x0000000088cc1ae0}> (0x0000000088cc1ae0) thrown at [./src/hotspot/share/prims/jni.cpp, line 615]
Event: 45.308 Thread 0x0000029131ce3800 Exception <a 'sun/nio/fs/WindowsException'{0x0000000088a1c618}> (0x0000000088a1c618) thrown at [./src/hotspot/share/prims/jni.cpp, line 615]
Event: 45.311 Thread 0x000002912c233800 Exception <a 'sun/nio/fs/WindowsException'{0x0000000088a9df28}> (0x0000000088a9df28) thrown at [./src/hotspot/share/prims/jni.cpp, line 615]
Event: 45.314 Thread 0x000002912fd68000 Exception <a 'sun/nio/fs/WindowsException'{0x0000000088944ae8}> (0x0000000088944ae8) thrown at [./src/hotspot/share/prims/jni.cpp, line 615]

Events (20 events):
Event: 45.298 loading class com/android/tools/r8/graph/Z0 done
Event: 45.298 loading class com/android/tools/r8/graph/Z0
Event: 45.298 loading class com/android/tools/r8/graph/Z0 done
Event: 45.298 loading class com/android/tools/r8/graph/Z0$a
Event: 45.298 loading class com/android/tools/r8/graph/Z0$a done
Event: 45.298 Executing VM operation: RevokeBias
Event: 45.298 loading class java/util/AbstractList$SubList done
Event: 45.298 Executing coalesced safepoint VM operation: RevokeBias
Event: 45.298 Executing coalesced safepoint VM operation: RevokeBias done
Event: 45.298 Executing VM operation: RevokeBias done
Event: 45.298 loading class com/android/tools/r8/graph/Z0$a
Event: 45.298 loading class com/android/tools/r8/graph/Z0$a done
Event: 45.298 loading class com/android/tools/r8/graph/Z0$a
Event: 45.298 loading class com/android/tools/r8/graph/Z0$a done
Event: 45.298 loading class com/android/tools/r8/graph/Z0$a
Event: 45.298 loading class com/android/tools/r8/graph/Z0$a done
Event: 45.298 loading class java/util/AbstractList$RandomAccessSubList done
Event: 45.299 loading class java/util/AbstractList$SubList$1
Event: 45.299 loading class java/util/AbstractList$SubList$1 done
Event: 45.320 Executing VM operation: G1CollectForAllocation


Dynamic libraries:
0x00007ff7d85f0000 - 0x00007ff7d85fa000 	C:\Program Files\Android\Android Studio1\jre\bin\java.exe
0x00007ff95d010000 - 0x00007ff95d208000 	C:\WINDOWS\SYSTEM32\ntdll.dll
0x00007ff95bdf0000 - 0x00007ff95bead000 	C:\WINDOWS\System32\KERNEL32.DLL
0x00007ff95ada0000 - 0x00007ff95b06e000 	C:\WINDOWS\System32\KERNELBASE.dll
0x00007ff95aca0000 - 0x00007ff95ada0000 	C:\WINDOWS\System32\ucrtbase.dll
0x00007ff957f40000 - 0x00007ff957f57000 	C:\Program Files\Android\Android Studio1\jre\bin\VCRUNTIME140.dll
0x00007ff957f20000 - 0x00007ff957f39000 	C:\Program Files\Android\Android Studio1\jre\bin\jli.dll
0x00007ff95ce30000 - 0x00007ff95cfd0000 	C:\WINDOWS\System32\USER32.dll
0x00007ff95aa50000 - 0x00007ff95aa72000 	C:\WINDOWS\System32\win32u.dll
0x00007ff959b40000 - 0x00007ff959dda000 	C:\WINDOWS\WinSxS\amd64_microsoft.windows.common-controls_6595b64144ccf1df_6.0.19041.1110_none_60b5254171f9507e\COMCTL32.dll
0x00007ff95bc30000 - 0x00007ff95bc5a000 	C:\WINDOWS\System32\GDI32.dll
0x00007ff95cd90000 - 0x00007ff95ce2e000 	C:\WINDOWS\System32\msvcrt.dll
0x00007ff95a760000 - 0x00007ff95a86b000 	C:\WINDOWS\System32\gdi32full.dll
0x00007ff95a9b0000 - 0x00007ff95aa4d000 	C:\WINDOWS\System32\msvcp_win.dll
0x00007ff95c240000 - 0x00007ff95c270000 	C:\WINDOWS\System32\IMM32.DLL
0x00007ff919ed0000 - 0x00007ff919f6d000 	C:\Program Files\Android\Android Studio1\jre\bin\msvcp140.dll
0x00007ff8d8ed0000 - 0x00007ff8d99b5000 	C:\Program Files\Android\Android Studio1\jre\bin\server\jvm.dll
0x00007ff95c190000 - 0x00007ff95c23e000 	C:\WINDOWS\System32\ADVAPI32.dll
0x00007ff95c7f0000 - 0x00007ff95c88c000 	C:\WINDOWS\System32\sechost.dll
0x00007ff95b3b0000 - 0x00007ff95b4d5000 	C:\WINDOWS\System32\RPCRT4.dll
0x00007ff95b1f0000 - 0x00007ff95b1f8000 	C:\WINDOWS\System32\PSAPI.DLL
0x00007ff941b10000 - 0x00007ff941b37000 	C:\WINDOWS\SYSTEM32\WINMM.dll
0x00007ff952b50000 - 0x00007ff952b5a000 	C:\WINDOWS\SYSTEM32\VERSION.dll
0x00007ff937ca0000 - 0x00007ff937ca9000 	C:\WINDOWS\SYSTEM32\WSOCK32.dll
0x00007ff95c3c0000 - 0x00007ff95c42b000 	C:\WINDOWS\System32\WS2_32.dll
0x00007ff957910000 - 0x00007ff957922000 	C:\WINDOWS\SYSTEM32\kernel.appcore.dll
0x00007ff9521a0000 - 0x00007ff9521b1000 	C:\Program Files\Android\Android Studio1\jre\bin\verify.dll
0x00007ff95a160000 - 0x00007ff95a344000 	C:\WINDOWS\SYSTEM32\DBGHELP.DLL
0x00007ff95a0b0000 - 0x00007ff95a0dc000 	C:\WINDOWS\SYSTEM32\dbgcore.DLL
0x00007ff95a920000 - 0x00007ff95a9a2000 	C:\WINDOWS\System32\bcryptPrimitives.dll
0x00007ff929540000 - 0x00007ff929569000 	C:\Program Files\Android\Android Studio1\jre\bin\java.dll
0x00007ff955630000 - 0x00007ff95563b000 	C:\Program Files\Android\Android Studio1\jre\bin\jimage.dll
0x00007ff948320000 - 0x00007ff948338000 	C:\Program Files\Android\Android Studio1\jre\bin\zip.dll
0x00007ff95b4e0000 - 0x00007ff95bc24000 	C:\WINDOWS\System32\SHELL32.dll
0x00007ff9581a0000 - 0x00007ff958934000 	C:\WINDOWS\SYSTEM32\windows.storage.dll
0x00007ff95c430000 - 0x00007ff95c784000 	C:\WINDOWS\System32\combase.dll
0x00007ff959a00000 - 0x00007ff959a30000 	C:\WINDOWS\SYSTEM32\Wldp.dll
0x00007ff95bcc0000 - 0x00007ff95bd6d000 	C:\WINDOWS\System32\SHCORE.dll
0x00007ff95c790000 - 0x00007ff95c7e5000 	C:\WINDOWS\System32\shlwapi.dll
0x00007ff95a670000 - 0x00007ff95a68f000 	C:\WINDOWS\SYSTEM32\profapi.dll
0x00007ff9389d0000 - 0x00007ff9389ea000 	C:\Program Files\Android\Android Studio1\jre\bin\net.dll
0x00007ff951b80000 - 0x00007ff951c8a000 	C:\WINDOWS\SYSTEM32\WINHTTP.dll
0x00007ff959770000 - 0x00007ff9597da000 	C:\WINDOWS\system32\mswsock.dll
0x00007ff9388e0000 - 0x00007ff9388f4000 	C:\Program Files\Android\Android Studio1\jre\bin\nio.dll
0x00007ff90cfc0000 - 0x00007ff90cfe7000 	C:\Users\hassa\.gradle\native\e1d6ef7f7dcc3fd88c89a11ec53ec762bb8ba0a96d01ffa2cd45eb1d1d8dd5c5\windows-amd64\native-platform.dll
0x00007ff90e570000 - 0x00007ff90e6b4000 	C:\Users\hassa\.gradle\native\5664cfc778a61ccfe75a443a1ab52a65af34e5dc3c78e0209fed803814484fcb\windows-amd64\native-platform-file-events.dll
0x00007ff952c60000 - 0x00007ff952c6a000 	C:\Program Files\Android\Android Studio1\jre\bin\management.dll
0x00007ff9528d0000 - 0x00007ff9528dd000 	C:\Program Files\Android\Android Studio1\jre\bin\management_ext.dll
0x00007ff95a4c0000 - 0x00007ff95a4d8000 	C:\WINDOWS\SYSTEM32\CRYPTSP.dll
0x00007ff9590f0000 - 0x00007ff959124000 	C:\WINDOWS\system32\rsaenh.dll
0x00007ff95a730000 - 0x00007ff95a757000 	C:\WINDOWS\System32\bcrypt.dll
0x00007ff95a630000 - 0x00007ff95a65e000 	C:\WINDOWS\SYSTEM32\USERENV.dll
0x00007ff959a30000 - 0x00007ff959a3c000 	C:\WINDOWS\SYSTEM32\CRYPTBASE.dll
0x00007ff9594a0000 - 0x00007ff9594db000 	C:\WINDOWS\SYSTEM32\IPHLPAPI.DLL
0x00007ff95b120000 - 0x00007ff95b128000 	C:\WINDOWS\System32\NSI.dll
0x00007ff94cfb0000 - 0x00007ff94cfc7000 	C:\WINDOWS\SYSTEM32\dhcpcsvc6.DLL
0x00007ff94f610000 - 0x00007ff94f62d000 	C:\WINDOWS\SYSTEM32\dhcpcsvc.DLL
0x00007ff9594e0000 - 0x00007ff9595aa000 	C:\WINDOWS\SYSTEM32\DNSAPI.dll
0x00007ff95a480000 - 0x00007ff95a4b3000 	C:\WINDOWS\SYSTEM32\ntmarta.dll
0x00007ff957d70000 - 0x00007ff957d8e000 	C:\Users\hassa\AppData\Local\Temp\native-platform3563983749817296909dir\native-platform.dll
0x00007ff957d60000 - 0x00007ff957d68000 	C:\Program Files\Android\Android Studio1\jre\bin\rmi.dll
0x00007ff908c30000 - 0x00007ff908c47000 	C:\WINDOWS\system32\napinsp.dll
0x00007ff908c10000 - 0x00007ff908c2b000 	C:\WINDOWS\system32\pnrpnsp.dll
0x00007ff9544a0000 - 0x00007ff9544b5000 	C:\WINDOWS\system32\wshbth.dll
0x00007ff955510000 - 0x00007ff95552d000 	C:\WINDOWS\system32\NLAapi.dll
0x00007ff908bf0000 - 0x00007ff908c02000 	C:\WINDOWS\System32\winrnr.dll
0x00007ff94ffa0000 - 0x00007ff94ffaa000 	C:\Windows\System32\rasadhlp.dll
0x00007ff9467e0000 - 0x00007ff946860000 	C:\WINDOWS\System32\fwpuclnt.dll

dbghelp: loaded successfully - version: 4.0.5 - missing functions: none
symbol engine: initialized successfully - sym options: 0x614 - pdb path: .;C:\Program Files\Android\Android Studio1\jre\bin;C:\WINDOWS\SYSTEM32;C:\WINDOWS\WinSxS\amd64_microsoft.windows.common-controls_6595b64144ccf1df_6.0.19041.1110_none_60b5254171f9507e;C:\Program Files\Android\Android Studio1\jre\bin\server;C:\Users\hassa\.gradle\native\e1d6ef7f7dcc3fd88c89a11ec53ec762bb8ba0a96d01ffa2cd45eb1d1d8dd5c5\windows-amd64;C:\Users\hassa\.gradle\native\5664cfc778a61ccfe75a443a1ab52a65af34e5dc3c78e0209fed803814484fcb\windows-amd64;C:\Users\hassa\AppData\Local\Temp\native-platform3563983749817296909dir

VM Arguments:
jvm_args: --add-opens=java.base/java.util=ALL-UNNAMED --add-opens=java.base/java.lang=ALL-UNNAMED --add-opens=java.base/java.lang.invoke=ALL-UNNAMED --add-opens=java.base/java.util=ALL-UNNAMED --add-opens=java.prefs/java.util.prefs=ALL-UNNAMED --add-opens=java.prefs/java.util.prefs=ALL-UNNAMED --add-opens=java.base/java.nio.charset=ALL-UNNAMED --add-opens=java.base/java.net=ALL-UNNAMED --add-opens=java.base/java.util.concurrent.atomic=ALL-UNNAMED -Xmx2048m -Dfile.encoding=UTF-8 -Duser.country=US -Duser.language=en -Duser.variant 
java_command: org.gradle.launcher.daemon.bootstrap.GradleDaemon 7.3.3
java_class_path (initial): C:\Users\hassa\.gradle\wrapper\dists\gradle-7.3.3-bin\6a41zxkdtcxs8rphpq6y0069z\gradle-7.3.3\lib\gradle-launcher-7.3.3.jar
Launcher Type: SUN_STANDARD

[Global flags]
     intx CICompilerCount                          = 4                                         {product} {ergonomic}
     uint ConcGCThreads                            = 2                                         {product} {ergonomic}
     uint G1ConcRefinementThreads                  = 8                                         {product} {ergonomic}
   size_t G1HeapRegionSize                         = 1048576                                   {product} {ergonomic}
    uintx GCDrainStackTargetSize                   = 64                                        {product} {ergonomic}
   size_t InitialHeapSize                          = 132120576                                 {product} {ergonomic}
   size_t MarkStackSize                            = 4194304                                   {product} {ergonomic}
   size_t MaxHeapSize                              = 2147483648                                {product} {command line}
   size_t MaxNewSize                               = 1287651328                                {product} {ergonomic}
   size_t MinHeapDeltaBytes                        = 1048576                                   {product} {ergonomic}
    uintx NonNMethodCodeHeapSize                   = 5836300                                {pd product} {ergonomic}
    uintx NonProfiledCodeHeapSize                  = 122910970                              {pd product} {ergonomic}
    uintx ProfiledCodeHeapSize                     = 122910970                              {pd product} {ergonomic}
    uintx ReservedCodeCacheSize                    = 251658240                              {pd product} {ergonomic}
     bool SegmentedCodeCache                       = true                                      {product} {ergonomic}
     bool UseCompressedClassPointers               = true                                 {lp64_product} {ergonomic}
     bool UseCompressedOops                        = true                                 {lp64_product} {ergonomic}
     bool UseG1GC                                  = true                                      {product} {ergonomic}
     bool UseLargePagesIndividualAllocation        = false                                  {pd product} {ergonomic}

Logging:
Log output configuration:
 #0: stdout all=warning uptime,level,tags
 #1: stderr all=off uptime,level,tags

Environment Variables:
JAVA_HOME=C:\Program Files\Java\jdk1.8.0_301
PATH=C:\Program Files\Common Files\Oracle\Java\javapath;C:\Windows\System32;C:\Program Files\Git\cmd;C:\Users\hassa\AppData\Local\Microsoft\WindowsApps;;C:\Program Files\Azure Data Studio\bin;C:\Users\hassa\AppData\Roaming\npm;D:\Users\hassa\AppData\Local\Programs\Microsoft VS Code\bin;C:\Users\hassa\AppData\Local\Programs\Microsoft VS Code\bin
USERNAME=hassa
OS=Windows_NT
PROCESSOR_IDENTIFIER=Intel64 Family 6 Model 158 Stepping 10, GenuineIntel



---------------  S Y S T E M  ---------------

OS: Windows 10 , 64 bit Build 19041 (10.0.19041.1889)
OS uptime: 5 days 16:27 hours
Hyper-V role detected

CPU:total 8 (initial active 8) (4 cores per cpu, 2 threads per core) family 6 model 158 stepping 10 microcode 0xb4, cmov, cx8, fxsr, mmx, sse, sse2, sse3, ssse3, sse4.1, sse4.2, popcnt, avx, avx2, aes, clmul, erms, 3dnowpref, lzcnt, ht, tsc, tscinvbit, bmi1, bmi2, adx, fma

Memory: 4k page, system-wide physical 8039M (238M free)
TotalPageFile size 32615M (AvailPageFile size 29M)
current process WorkingSet (physical memory assigned to process): 408M, peak: 409M
current process commit charge ("private bytes"): 505M, peak: 536M

vm_info: OpenJDK 64-Bit Server VM (11.0.12+7-b1504.28-7817840) for windows-amd64 JRE (11.0.12+7-b1504.28-7817840), built on Oct 13 2021 22:12:33 by "builder" with MS VC++ 14.0 (VS2015)

END.
